#
# A fatal error has been detected by the Java Runtime Environment:
#
#  SIGSEGV (0xb) at pc=0x00007fa85eba9060, pid=6252, tid=140362468988672
#
# JRE version: Java(TM) SE Runtime Environment (8.0_25-b17) (build 1.8.0_25-b17)
# Java VM: Java HotSpot(TM) 64-Bit Server VM (25.25-b02 mixed mode linux-amd64 compressed oops)
# Problematic frame:
# C  0x00007fa85eba9060
#
# Failed to write core dump. Core dumps have been disabled. To enable core dumping, try "ulimit -c unlimited" before starting Java again
#
# If you would like to submit a bug report, please visit:
#   http://bugreport.sun.com/bugreport/crash.jsp
#

---------------  T H R E A D  ---------------

Current thread (0x0000000002126000):  JavaThread "main" [_thread_in_Java, id=6269, stack(0x00007fa8af0a9000,0x00007fa8af1aa000)]

siginfo: si_signo: 11 (SIGSEGV), si_code: 1 (SEGV_MAPERR), si_addr: 0x00007fa85eba9060

Registers:
RAX=0x0000000000000000, RBX=0x00007fa8af1a7180, RCX=0x00000000d7e79fd8, RDX=0x00000000d7e62d08
RSP=0x00007fa8af1a70d8, RBP=0x00000000d7e62ce0, RSI=0x00000000d7e62ce0, RDI=0x0000000100030438
R8 =0x00000000d7e79fc0, R9 =0x00000000d7e62d08, R10=0x0000000000000000, R11=0x0000000000000000
R12=0x0000000000000000, R13=0x0000000000000000, R14=0x000000000000006f, R15=0x0000000002126000
RIP=0x00007fa85eba9060, EFLAGS=0x0000000000010246, CSGSFS=0x0000000000000033, ERR=0x0000000000000014
  TRAPNO=0x000000000000000e

Top of Stack: (sp=0x00007fa8af1a70d8)
0x00007fa8af1a70d8:   00007fa89de2f63c 00000000d7e62cb0
0x00007fa8af1a70e8:   00000000d7e62d08 d7e62c9800000001
0x00007fa8af1a70f8:   00000000d7e62c98 00000000d7e79fa8
0x00007fa8af1a7108:   d7e62c9800000000 00000000d7e62c98
0x00007fa8af1a7118:   d7e62c9800000000 00000001d7e62d08
0x00007fa8af1a7128:   0000000000000007 00000000d7e62c98
0x00007fa8af1a7138:   00000000d7e62cb0 0000000000000000
0x00007fa8af1a7148:   00007fa89dbab98d 00000000d7e79fd8
0x00007fa8af1a7158:   00000000d7e62d08 00000000d7e79fc0
0x00007fa8af1a7168:   00000000d7e62ce0 0000000000000001
0x00007fa8af1a7178:   0000000000000000 0000000000000000
0x00007fa8af1a7188:   00007fa89845b800 0000000000000000
0x00007fa8af1a7198:   00007fa89845aeb8 00000000d7e62c98
0x00007fa8af1a71a8:   00007fa89de2c8d4 00000000d7e64d48
0x00007fa8af1a71b8:   00000000d7e79fa8 00000000d65572d0
0x00007fa8af1a71c8:   00000000d7e62c98 00000000d7e5a780
0x00007fa8af1a71d8:   00000000d7e62cb0 00007fa8af1a72c0
0x00007fa8af1a71e8:   00007fa89de1645c 00007fa89845a50e
0x00007fa8af1a71f8:   00007fa8af1a7258 00007fa89845b800
0x00007fa8af1a7208:   0000000000000000 000005a200000000
0x00007fa8af1a7218:   00000000d7e52728 00000000d7e64d48
0x00007fa8af1a7228:   00007fa800002000 00007fa89dbab710
0x00007fa8af1a7238:   0000000000000000 00007fa8af1a72c0
0x00007fa8af1a7248:   00007fa89dbab3d0 00000000d7e62c98
0x00007fa8af1a7258:   00007fa89dbab3d0 0000000000002000
0x00007fa8af1a7268:   0000000000000000 00000000d7e52728
0x00007fa8af1a7278:   00000000d7e64d48 00007fa8af1a7280
0x00007fa8af1a7288:   00007fa8988c8d77 00007fa8af1a72f8
0x00007fa8af1a7298:   00007fa8988ca438 00007fa8988d1838
0x00007fa8af1a72a8:   00007fa8988c8fd8 00007fa8af1a7260
0x00007fa8af1a72b8:   00007fa8af1a7300 00007fa8af1a73a0
0x00007fa8af1a72c8:   00007fa89ddf5fb4 0000000000000000 

Instructions: (pc=0x00007fa85eba9060)
0x00007fa85eba9040:   
[error occurred during error reporting (printing registers, top of stack, instructions near pc), id 0xb]

Register to memory mapping:

RAX=0x0000000000000000 is an unknown value
RBX=0x00007fa8af1a7180 is pointing into the stack for thread: 0x0000000002126000
RCX=0x00000000d7e79fd8 is an oop
java.nio.HeapCharBuffer 
 - klass: 'java/nio/HeapCharBuffer'
RDX=0x00000000d7e62d08 is an oop
java.nio.HeapByteBuffer 
 - klass: 'java/nio/HeapByteBuffer'
RSP=0x00007fa8af1a70d8 is pointing into the stack for thread: 0x0000000002126000
RBP=0x00000000d7e62ce0 is an oop
sun.nio.cs.UTF_8$Decoder 
 - klass: 'sun/nio/cs/UTF_8$Decoder'
RSI=0x00000000d7e62ce0 is an oop
sun.nio.cs.UTF_8$Decoder 
 - klass: 'sun/nio/cs/UTF_8$Decoder'
RDI=0x0000000100030438 is pointing into metadata
R8 =0x00000000d7e79fc0 is an oop
[C 
 - klass: {type array char}
 - length: 2
R9 =0x00000000d7e62d08 is an oop
java.nio.HeapByteBuffer 
 - klass: 'java/nio/HeapByteBuffer'
R10=0x0000000000000000 is an unknown value
R11=0x0000000000000000 is an unknown value
R12=0x0000000000000000 is an unknown value
R13=0x0000000000000000 is an unknown value
R14=0x000000000000006f is an unknown value
R15=0x0000000002126000 is a thread


Stack: [0x00007fa8af0a9000,0x00007fa8af1aa000],  sp=0x00007fa8af1a70d8,  free space=1016k
Native frames: (J=compiled Java code, j=interpreted, Vv=VM code, C=native code)
C  0x00007fa85eba9060


---------------  P R O C E S S  ---------------

Java Threads: ( => current thread )
  0x00007fa894019000 JavaThread "Service Thread" daemon [_thread_blocked, id=6281, stack(0x00007fa892816000,0x00007fa892917000)]
  0x00007fa894004000 JavaThread "C1 CompilerThread2" daemon [_thread_blocked, id=6280, stack(0x00007fa892917000,0x00007fa892a18000)]
  0x00007fa894002000 JavaThread "C2 CompilerThread1" daemon [_thread_blocked, id=6279, stack(0x00007fa892a18000,0x00007fa892b19000)]
  0x00000000021cd800 JavaThread "C2 CompilerThread0" daemon [_thread_blocked, id=6278, stack(0x00007fa892b19000,0x00007fa892c1a000)]
  0x00000000021cb000 JavaThread "Signal Dispatcher" daemon [_thread_blocked, id=6277, stack(0x00007fa892c1a000,0x00007fa892d1b000)]
  0x000000000219e800 JavaThread "Finalizer" daemon [_thread_blocked, id=6276, stack(0x00007fa892d1b000,0x00007fa892e1c000)]
  0x0000000002196800 JavaThread "Reference Handler" daemon [_thread_blocked, id=6275, stack(0x00007fa892e1c000,0x00007fa892f1d000)]
=>0x0000000002126000 JavaThread "main" [_thread_in_Java, id=6269, stack(0x00007fa8af0a9000,0x00007fa8af1aa000)]

Other Threads:
  0x000000000218f800 VMThread [stack: 0x00007fa892f1d000,0x00007fa89301e000] [id=6274]
  0x00007fa89401c000 WatcherThread [stack: 0x00007fa892715000,0x00007fa892816000] [id=6282]

VM state:not at safepoint (normal execution)

VM Mutex/Monitor currently owned by a thread: None

Heap:
 PSYoungGen      total 37888K, used 26245K [0x00000000d6500000, 0x00000000d8f00000, 0x0000000100000000)
  eden space 32768K, 80% used [0x00000000d6500000,0x00000000d7ea1570,0x00000000d8500000)
  from space 5120K, 0% used [0x00000000d8a00000,0x00000000d8a00000,0x00000000d8f00000)
  to   space 5120K, 0% used [0x00000000d8500000,0x00000000d8500000,0x00000000d8a00000)
 ParOldGen       total 86016K, used 0K [0x0000000082e00000, 0x0000000088200000, 0x00000000d6500000)
  object space 86016K, 0% used [0x0000000082e00000,0x0000000082e00000,0x0000000088200000)
 Metaspace       used 7232K, capacity 7380K, committed 7680K, reserved 1056768K
  class space    used 891K, capacity 952K, committed 1024K, reserved 1048576K

Card table byte_map: [0x00007fa89d3fa000,0x00007fa89d7e4000] byte_map_base: 0x00007fa89cfe3000

Marking Bits: (ParMarkBitMap*) 0x00007fa8ae5de2c0
 Begin Bits: [0x00007fa898eca000, 0x00007fa89ae12000)
 End Bits:   [0x00007fa89ae12000, 0x00007fa89cd5a000)

Polling page: 0x00007fa8af1e5000

CodeCache: size=245760Kb used=2696Kb max_used=2709Kb free=243063Kb
 bounds [0x00007fa89dba4000, 0x00007fa89de54000, 0x00007fa8acba4000]
 total_blobs=872 nmethods=595 adapters=193
 compilation: enabled

Compilation events (10 events):
Event: 0.894 Thread 0x00000000021cd800 nmethod 539 0x00007fa89de46f50 code [0x00007fa89de47220, 0x00007fa89de482f0]
Event: 0.894 Thread 0x00000000021cd800  521       4       org.codehaus.plexus.util.xml.pull.MXParser::more (79 bytes)
Event: 0.895 Thread 0x00007fa894002000 nmethod 573 0x00007fa89de49710 code [0x00007fa89de499e0, 0x00007fa89de4ad00]
Event: 0.895 Thread 0x00007fa894002000  515       4       org.codehaus.plexus.util.xml.XmlReader::read (11 bytes)
Event: 0.896 Thread 0x00000000021cd800 nmethod 521 0x00007fa89de43ad0 code [0x00007fa89de43c20, 0x00007fa89de43d28]
Event: 0.896 Thread 0x00000000021cd800  540       4       java.nio.Buffer::limit (62 bytes)
Event: 0.896 Thread 0x00007fa894002000 nmethod 515 0x00007fa89de43790 code [0x00007fa89de438e0, 0x00007fa89de439a8]
Event: 0.896 Thread 0x00007fa894002000  526       4       java.nio.Buffer::<init> (121 bytes)
Event: 0.896 Thread 0x00000000021cd800 nmethod 540 0x00007fa89de43510 code [0x00007fa89de43660, 0x00007fa89de436f8]
Event: 0.897 Thread 0x00007fa894002000 nmethod 526 0x00007fa89de431d0 code [0x00007fa89de43320, 0x00007fa89de43418]

GC Heap History (0 events):
No events

Deoptimization events (0 events):
No events

Internal exceptions (10 events):
Event: 0.890 Thread 0x0000000002126000 Exception <a 'java/security/PrivilegedActionException'> (0x00000000d7e181f0) thrown at [/HUDSON/workspace/8-2-build-linux-amd64/jdk8u25/1514/hotspot/src/share/vm/prims/jvm.cpp, line 1312]
Event: 0.890 Thread 0x0000000002126000 Exception <a 'java/security/PrivilegedActionException'> (0x00000000d7e18af0) thrown at [/HUDSON/workspace/8-2-build-linux-amd64/jdk8u25/1514/hotspot/src/share/vm/prims/jvm.cpp, line 1312]
Event: 0.890 Thread 0x0000000002126000 Exception <a 'java/security/PrivilegedActionException'> (0x00000000d7e1dbb8) thrown at [/HUDSON/workspace/8-2-build-linux-amd64/jdk8u25/1514/hotspot/src/share/vm/prims/jvm.cpp, line 1312]
Event: 0.890 Thread 0x0000000002126000 Exception <a 'java/security/PrivilegedActionException'> (0x00000000d7e1e4b8) thrown at [/HUDSON/workspace/8-2-build-linux-amd64/jdk8u25/1514/hotspot/src/share/vm/prims/jvm.cpp, line 1312]
Event: 0.891 Thread 0x0000000002126000 Exception <a 'java/security/PrivilegedActionException'> (0x00000000d7e23728) thrown at [/HUDSON/workspace/8-2-build-linux-amd64/jdk8u25/1514/hotspot/src/share/vm/prims/jvm.cpp, line 1312]
Event: 0.891 Thread 0x0000000002126000 Exception <a 'java/security/PrivilegedActionException'> (0x00000000d7e24048) thrown at [/HUDSON/workspace/8-2-build-linux-amd64/jdk8u25/1514/hotspot/src/share/vm/prims/jvm.cpp, line 1312]
Event: 0.891 Thread 0x0000000002126000 Exception <a 'java/security/PrivilegedActionException'> (0x00000000d7e3e310) thrown at [/HUDSON/workspace/8-2-build-linux-amd64/jdk8u25/1514/hotspot/src/share/vm/prims/jvm.cpp, line 1312]
Event: 0.891 Thread 0x0000000002126000 Exception <a 'java/security/PrivilegedActionException'> (0x00000000d7e3ece0) thrown at [/HUDSON/workspace/8-2-build-linux-amd64/jdk8u25/1514/hotspot/src/share/vm/prims/jvm.cpp, line 1312]
Event: 0.892 Thread 0x0000000002126000 Exception <a 'java/security/PrivilegedActionException'> (0x00000000d7e44ce8) thrown at [/HUDSON/workspace/8-2-build-linux-amd64/jdk8u25/1514/hotspot/src/share/vm/prims/jvm.cpp, line 1312]
Event: 0.892 Thread 0x0000000002126000 Exception <a 'java/security/PrivilegedActionException'> (0x00000000d7e455e0) thrown at [/HUDSON/workspace/8-2-build-linux-amd64/jdk8u25/1514/hotspot/src/share/vm/prims/jvm.cpp, line 1312]

Events (10 events):
Event: 0.890 loading class org/eclipse/aether/impl/SyncContextFactory
Event: 0.890 loading class org/eclipse/aether/impl/SyncContextFactory done
Event: 0.890 loading class org/eclipse/aether/impl/UpdateCheckManager
Event: 0.890 loading class org/eclipse/aether/impl/UpdateCheckManager done
Event: 0.891 loading class org/eclipse/aether/impl/UpdatePolicyAnalyzer
Event: 0.891 loading class org/eclipse/aether/impl/UpdatePolicyAnalyzer done
Event: 0.891 loading class org/eclipse/aether/spi/localrepo/LocalRepositoryManagerFactory
Event: 0.891 loading class org/eclipse/aether/spi/localrepo/LocalRepositoryManagerFactory done
Event: 0.892 loading class org/eclipse/aether/spi/log/LoggerFactory
Event: 0.892 loading class org/eclipse/aether/spi/log/LoggerFactory done


Dynamic libraries:
00400000-00401000 r-xp 00000000 00:14 138267735                          /gpfs/main/course/cs032/bin/jdk1.8.0_25/bin/java
00600000-00601000 rw-p 00000000 00:14 138267735                          /gpfs/main/course/cs032/bin/jdk1.8.0_25/bin/java
0211d000-0270c000 rw-p 00000000 00:00 0                                  [heap]
82e00000-88200000 rw-p 00000000 00:00 0 
88200000-d6500000 ---p 00000000 00:00 0 
d6500000-d8f00000 rw-p 00000000 00:00 0 
d8f00000-100000000 ---p 00000000 00:00 0 
100000000-100100000 rw-p 00000000 00:00 0 
100100000-140000000 ---p 00000000 00:00 0 
7fa88c000000-7fa88c414000 rw-p 00000000 00:00 0 
7fa88c414000-7fa890000000 ---p 00000000 00:00 0 
7fa89265f000-7fa89267b000 r--s 00393000 00:14 136611667                  /gpfs/main/course/cs032/bin/jdk1.8.0_25/jre/lib/ext/cldrdata.jar
7fa89267b000-7fa892685000 r--s 00116000 00:14 136611642                  /gpfs/main/course/cs032/bin/jdk1.8.0_25/jre/lib/ext/localedata.jar
7fa892685000-7fa892686000 r--s 00002000 00:14 50783475                   /gpfs/main/course/cs032/bin/apache-maven-3.2.3/lib/slf4j-simple-1.7.5.jar
7fa892686000-7fa892688000 r--s 00007000 00:14 50783474                   /gpfs/main/course/cs032/bin/apache-maven-3.2.3/lib/aether-connector-wagon-0.9.0.M2.jar
7fa892688000-7fa892689000 r--s 00002000 00:14 50783469                   /gpfs/main/course/cs032/bin/apache-maven-3.2.3/lib/wagon-file-2.6.jar
7fa892689000-7fa89268d000 r--s 00027000 00:14 50783464                   /gpfs/main/course/cs032/bin/apache-maven-3.2.3/lib/commons-io-2.2.jar
7fa89268d000-7fa892692000 r--s 00041000 00:14 50783460                   /gpfs/main/course/cs032/bin/apache-maven-3.2.3/lib/commons-lang-2.6.jar
7fa892692000-7fa892698000 r--s 00042000 00:14 50783457                   /gpfs/main/course/cs032/bin/apache-maven-3.2.3/lib/jsoup-1.7.2.jar
7fa892698000-7fa8926b7000 r--s 00134000 00:14 50783453                   /gpfs/main/course/cs032/bin/apache-maven-3.2.3/lib/wagon-http-2.6-shaded.jar
7fa8926b7000-7fa8926b9000 r--s 00009000 00:14 50783447                   /gpfs/main/course/cs032/bin/apache-maven-3.2.3/lib/commons-cli-1.2.jar
7fa8926b9000-7fa8926bb000 r--s 00005000 00:14 50783446                   /gpfs/main/course/cs032/bin/apache-maven-3.2.3/lib/slf4j-api-1.7.5.jar
7fa8926bb000-7fa8926bd000 r--s 0000b000 00:14 50783445                   /gpfs/main/course/cs032/bin/apache-maven-3.2.3/lib/wagon-provider-api-2.6.jar
7fa8926bd000-7fa8926c4000 r--s 0003f000 00:14 50783443                   /gpfs/main/course/cs032/bin/apache-maven-3.2.3/lib/maven-compat-3.2.3.jar
7fa8926c4000-7fa8926c8000 r--s 00020000 00:14 50783441                   /gpfs/main/course/cs032/bin/apache-maven-3.2.3/lib/aether-impl-0.9.0.M2.jar
7fa8926c8000-7fa8926cc000 r--s 0001d000 00:14 50783440                   /gpfs/main/course/cs032/bin/apache-maven-3.2.3/lib/aether-util-0.9.0.M2.jar
7fa8926cc000-7fa8926ce000 r--s 00003000 00:14 50783439                   /gpfs/main/course/cs032/bin/apache-maven-3.2.3/lib/aether-spi-0.9.0.M2.jar
7fa8926ce000-7fa8926d2000 r--s 0001d000 00:14 50783438                   /gpfs/main/course/cs032/bin/apache-maven-3.2.3/lib/aether-api-0.9.0.M2.jar
7fa8926d2000-7fa8926d4000 r--s 0000e000 00:14 50783437                   /gpfs/main/course/cs032/bin/apache-maven-3.2.3/lib/maven-aether-provider-3.2.3.jar
7fa8926d4000-7fa8926d9000 r--s 00025000 00:14 50783436                   /gpfs/main/course/cs032/bin/apache-maven-3.2.3/lib/maven-model-builder-3.2.3.jar
7fa8926d9000-7fa8926df000 r--s 00042000 00:14 50783433                   /gpfs/main/course/cs032/bin/apache-maven-3.2.3/lib/org.eclipse.sisu.inject-0.0.0.M5.jar
7fa8926df000-7fa8926e1000 r--s 00000000 00:14 50783432                   /gpfs/main/course/cs032/bin/apache-maven-3.2.3/lib/aopalliance-1.0.jar
7fa8926e1000-7fa8926e9000 r--s 00050000 00:14 50783431                   /gpfs/main/course/cs032/bin/apache-maven-3.2.3/lib/sisu-guice-3.1.3-no_aop.jar
7fa8926e9000-7fa892712000 r--s 001ee000 00:14 50783429                   /gpfs/main/course/cs032/bin/apache-maven-3.2.3/lib/guava-14.0.1.jar
7fa892712000-7fa892715000 r--s 0000a000 00:14 50783308                   /gpfs/main/course/cs032/bin/apache-maven-3.2.3/boot/plexus-classworlds-2.5.1.jar
7fa892715000-7fa892716000 ---p 00000000 00:00 0 
7fa892716000-7fa892816000 rw-p 00000000 00:00 0 
7fa892816000-7fa892819000 ---p 00000000 00:00 0 
7fa892819000-7fa892917000 rw-p 00000000 00:00 0 
7fa892917000-7fa89291a000 ---p 00000000 00:00 0 
7fa89291a000-7fa892a18000 rw-p 00000000 00:00 0 
7fa892a18000-7fa892a1b000 ---p 00000000 00:00 0 
7fa892a1b000-7fa892b19000 rw-p 00000000 00:00 0 
7fa892b19000-7fa892b1c000 ---p 00000000 00:00 0 
7fa892b1c000-7fa892c1a000 rw-p 00000000 00:00 0 
7fa892c1a000-7fa892c1d000 ---p 00000000 00:00 0 
7fa892c1d000-7fa892d1b000 rw-p 00000000 00:00 0 
7fa892d1b000-7fa892d1e000 ---p 00000000 00:00 0 
7fa892d1e000-7fa892e1c000 rw-p 00000000 00:00 0 
7fa892e1c000-7fa892e1f000 ---p 00000000 00:00 0 
7fa892e1f000-7fa892f1d000 rw-p 00000000 00:00 0 
7fa892f1d000-7fa892f1e000 ---p 00000000 00:00 0 
7fa892f1e000-7fa894000000 rw-p 00000000 00:00 0 
7fa894000000-7fa8946e9000 rw-p 00000000 00:00 0 
7fa8946e9000-7fa898000000 ---p 00000000 00:00 0 
7fa898000000-7fa898001000 r--s 00002000 00:14 50783454                   /gpfs/main/course/cs032/bin/apache-maven-3.2.3/lib/wagon-http-shared-2.6.jar
7fa898001000-7fa898002000 r--s 00000000 00:14 50783426                   /gpfs/main/course/cs032/bin/apache-maven-3.2.3/lib/javax.inject-1.jar
7fa898002000-7fa898005000 r--s 00008000 00:14 50783419                   /gpfs/main/course/cs032/bin/apache-maven-3.2.3/lib/cdi-api-1.0.jar
7fa898005000-7fa89800b000 r--s 0002a000 00:14 50783416                   /gpfs/main/course/cs032/bin/apache-maven-3.2.3/lib/org.eclipse.sisu.plexus-0.0.0.M5.jar
7fa89800b000-7fa89800d000 r--s 0000a000 00:14 50783415                   /gpfs/main/course/cs032/bin/apache-maven-3.2.3/lib/maven-plugin-api-3.2.3.jar
7fa89800d000-7fa898010000 r--s 0000b000 00:14 50783414                   /gpfs/main/course/cs032/bin/apache-maven-3.2.3/lib/maven-artifact-3.2.3.jar
7fa898010000-7fa898012000 r--s 00005000 00:14 50783378                   /gpfs/main/course/cs032/bin/apache-maven-3.2.3/lib/maven-repository-metadata-3.2.3.jar
7fa898012000-7fa8981e8000 r--s 03caa000 00:14 136611550                  /gpfs/main/course/cs032/bin/jdk1.8.0_25/jre/lib/rt.jar
7fa8981e8000-7fa898961000 rw-p 00000000 00:00 0 
7fa898961000-7fa898ae1000 ---p 00000000 00:00 0 
7fa898ae1000-7fa89cd5a000 rw-p 00000000 00:00 0 
7fa89cd5a000-7fa89cd5b000 ---p 00000000 00:00 0 
7fa89cd5b000-7fa89ce5b000 rw-p 00000000 00:00 0 
7fa89ce5b000-7fa89ce5c000 ---p 00000000 00:00 0 
7fa89ce5c000-7fa89cf5c000 rw-p 00000000 00:00 0 
7fa89cf5c000-7fa89cf5d000 ---p 00000000 00:00 0 
7fa89cf5d000-7fa89d05d000 rw-p 00000000 00:00 0 
7fa89d05d000-7fa89d05e000 ---p 00000000 00:00 0 
7fa89d05e000-7fa89d188000 rw-p 00000000 00:00 0 
7fa89d188000-7fa89d3fa000 ---p 00000000 00:00 0 
7fa89d3fa000-7fa89d424000 rw-p 00000000 00:00 0 
7fa89d424000-7fa89d695000 ---p 00000000 00:00 0 
7fa89d695000-7fa89d6ab000 rw-p 00000000 00:00 0 
7fa89d6ab000-7fa89d7e3000 ---p 00000000 00:00 0 
7fa89d7e3000-7fa89d7ef000 rw-p 00000000 00:00 0 
7fa89d7ef000-7fa89dba4000 ---p 00000000 00:00 0 
7fa89dba4000-7fa89de54000 rwxp 00000000 00:00 0 
7fa89de54000-7fa8acba4000 ---p 00000000 00:00 0 
7fa8acba4000-7fa8acbbe000 r-xp 00000000 00:14 136610880                  /gpfs/main/course/cs032/bin/jdk1.8.0_25/jre/lib/amd64/libzip.so
7fa8acbbe000-7fa8acdbe000 ---p 0001a000 00:14 136610880                  /gpfs/main/course/cs032/bin/jdk1.8.0_25/jre/lib/amd64/libzip.so
7fa8acdbe000-7fa8acdbf000 rw-p 0001a000 00:14 136610880                  /gpfs/main/course/cs032/bin/jdk1.8.0_25/jre/lib/amd64/libzip.so
7fa8acdbf000-7fa8acde9000 r-xp 00000000 00:14 136610822                  /gpfs/main/course/cs032/bin/jdk1.8.0_25/jre/lib/amd64/libjava.so
7fa8acde9000-7fa8acfe9000 ---p 0002a000 00:14 136610822                  /gpfs/main/course/cs032/bin/jdk1.8.0_25/jre/lib/amd64/libjava.so
7fa8acfe9000-7fa8acfeb000 rw-p 0002a000 00:14 136610822                  /gpfs/main/course/cs032/bin/jdk1.8.0_25/jre/lib/amd64/libjava.so
7fa8acfeb000-7fa8acff8000 r-xp 00000000 00:14 136610855                  /gpfs/main/course/cs032/bin/jdk1.8.0_25/jre/lib/amd64/libverify.so
7fa8acff8000-7fa8ad1f8000 ---p 0000d000 00:14 136610855                  /gpfs/main/course/cs032/bin/jdk1.8.0_25/jre/lib/amd64/libverify.so
7fa8ad1f8000-7fa8ad1fa000 rw-p 0000d000 00:14 136610855                  /gpfs/main/course/cs032/bin/jdk1.8.0_25/jre/lib/amd64/libverify.so
7fa8ad1fa000-7fa8ad201000 r-xp 00000000 fe:00 2267                       /lib/x86_64-linux-gnu/librt-2.13.so
7fa8ad201000-7fa8ad400000 ---p 00007000 fe:00 2267                       /lib/x86_64-linux-gnu/librt-2.13.so
7fa8ad400000-7fa8ad401000 r--p 00006000 fe:00 2267                       /lib/x86_64-linux-gnu/librt-2.13.so
7fa8ad401000-7fa8ad402000 rw-p 00007000 fe:00 2267                       /lib/x86_64-linux-gnu/librt-2.13.so
7fa8ad402000-7fa8ad483000 r-xp 00000000 fe:00 2234                       /lib/x86_64-linux-gnu/libm-2.13.so
7fa8ad483000-7fa8ad682000 ---p 00081000 fe:00 2234                       /lib/x86_64-linux-gnu/libm-2.13.so
7fa8ad682000-7fa8ad683000 r--p 00080000 fe:00 2234                       /lib/x86_64-linux-gnu/libm-2.13.so
7fa8ad683000-7fa8ad684000 rw-p 00081000 fe:00 2234                       /lib/x86_64-linux-gnu/libm-2.13.so
7fa8ad684000-7fa8ae2f1000 r-xp 00000000 00:14 136611394                  /gpfs/main/course/cs032/bin/jdk1.8.0_25/jre/lib/amd64/server/libjvm.so
7fa8ae2f1000-7fa8ae4f0000 ---p 00c6d000 00:14 136611394                  /gpfs/main/course/cs032/bin/jdk1.8.0_25/jre/lib/amd64/server/libjvm.so
7fa8ae4f0000-7fa8ae5c6000 rw-p 00c6c000 00:14 136611394                  /gpfs/main/course/cs032/bin/jdk1.8.0_25/jre/lib/amd64/server/libjvm.so
7fa8ae5c6000-7fa8ae609000 rw-p 00000000 00:00 0 
7fa8ae609000-7fa8ae78a000 r-xp 00000000 fe:00 2242                       /lib/x86_64-linux-gnu/libc-2.13.so
7fa8ae78a000-7fa8ae98a000 ---p 00181000 fe:00 2242                       /lib/x86_64-linux-gnu/libc-2.13.so
7fa8ae98a000-7fa8ae98e000 r--p 00181000 fe:00 2242                       /lib/x86_64-linux-gnu/libc-2.13.so
7fa8ae98e000-7fa8ae98f000 rw-p 00185000 fe:00 2242                       /lib/x86_64-linux-gnu/libc-2.13.so
7fa8ae98f000-7fa8ae994000 rw-p 00000000 00:00 0 
7fa8ae994000-7fa8ae996000 r-xp 00000000 fe:00 2251                       /lib/x86_64-linux-gnu/libdl-2.13.so
7fa8ae996000-7fa8aeb96000 ---p 00002000 fe:00 2251                       /lib/x86_64-linux-gnu/libdl-2.13.so
7fa8aeb96000-7fa8aeb97000 r--p 00002000 fe:00 2251                       /lib/x86_64-linux-gnu/libdl-2.13.so
7fa8aeb97000-7fa8aeb98000 rw-p 00003000 fe:00 2251                       /lib/x86_64-linux-gnu/libdl-2.13.so
7fa8aeb98000-7fa8aebad000 r-xp 00000000 00:14 174988983                  /gpfs/main/course/cs032/bin/jdk1.8.0_25/lib/amd64/jli/libjli.so
7fa8aebad000-7fa8aedac000 ---p 00015000 00:14 174988983                  /gpfs/main/course/cs032/bin/jdk1.8.0_25/lib/amd64/jli/libjli.so
7fa8aedac000-7fa8aedad000 rw-p 00014000 00:14 174988983                  /gpfs/main/course/cs032/bin/jdk1.8.0_25/lib/amd64/jli/libjli.so
7fa8aedad000-7fa8aedc4000 r-xp 00000000 fe:00 2271                       /lib/x86_64-linux-gnu/libpthread-2.13.so
7fa8aedc4000-7fa8aefc3000 ---p 00017000 fe:00 2271                       /lib/x86_64-linux-gnu/libpthread-2.13.so
7fa8aefc3000-7fa8aefc4000 r--p 00016000 fe:00 2271                       /lib/x86_64-linux-gnu/libpthread-2.13.so
7fa8aefc4000-7fa8aefc5000 rw-p 00017000 fe:00 2271                       /lib/x86_64-linux-gnu/libpthread-2.13.so
7fa8aefc5000-7fa8aefc9000 rw-p 00000000 00:00 0 
7fa8aefc9000-7fa8aefe9000 r-xp 00000000 fe:00 2259                       /lib/x86_64-linux-gnu/ld-2.13.so
7fa8aefe9000-7fa8aefea000 r--s 00001000 00:14 50783425                   /gpfs/main/course/cs032/bin/apache-maven-3.2.3/lib/jsr250-api-1.0.jar
7fa8aefea000-7fa8aefeb000 r--s 00006000 00:14 50783328                   /gpfs/main/course/cs032/bin/apache-maven-3.2.3/lib/plexus-sec-dispatcher-1.3.jar
7fa8aefeb000-7fa8aefed000 r--s 00000000 00:14 50783240                   /gpfs/main/course/cs032/bin/apache-maven-3.2.3/lib/plexus-component-annotations-1.5.5.jar
7fa8aefed000-7fa8aeff0000 r--s 0000d000 00:14 49127297                   /gpfs/main/course/cs032/bin/apache-maven-3.2.3/lib/plexus-interpolation-1.19.jar
7fa8aeff0000-7fa8aeff2000 r--s 00009000 00:14 50783375                   /gpfs/main/course/cs032/bin/apache-maven-3.2.3/lib/maven-settings-builder-3.2.3.jar
7fa8aeff2000-7fa8aeff5000 r--s 00025000 00:14 50783269                   /gpfs/main/course/cs032/bin/apache-maven-3.2.3/lib/maven-model-3.2.3.jar
7fa8aeff5000-7fa8af001000 r--s 00085000 00:14 49955830                   /gpfs/main/course/cs032/bin/apache-maven-3.2.3/lib/maven-core-3.2.3.jar
7fa8af001000-7fa8af005000 r--s 0003a000 00:14 50783382                   /gpfs/main/course/cs032/bin/apache-maven-3.2.3/lib/plexus-utils-3.0.17.jar
7fa8af005000-7fa8af026000 rw-p 00000000 00:00 0 
7fa8af026000-7fa8af0a9000 r--s 00000000 00:0e 8280                       /run/nscd/dbENSkdf (deleted)
7fa8af0a9000-7fa8af0ac000 ---p 00000000 00:00 0 
7fa8af0ac000-7fa8af1ae000 rw-p 00000000 00:00 0 
7fa8af1ae000-7fa8af1b0000 r--s 00002000 00:14 49955756                   /gpfs/main/course/cs032/bin/apache-maven-3.2.3/lib/plexus-cipher-1.7.jar
7fa8af1b0000-7fa8af1b2000 r--s 00009000 00:14 50783265                   /gpfs/main/course/cs032/bin/apache-maven-3.2.3/lib/maven-settings-3.2.3.jar
7fa8af1b2000-7fa8af1b4000 r--s 0000d000 00:14 49955724                   /gpfs/main/course/cs032/bin/apache-maven-3.2.3/lib/maven-embedder-3.2.3.jar
7fa8af1b4000-7fa8af1dc000 rw-p 00000000 00:00 0 
7fa8af1dc000-7fa8af1e4000 rw-s 00000000 fe:04 2127                       /tmp/hsperfdata_ngoelz/6252
7fa8af1e4000-7fa8af1e5000 rw-p 00000000 00:00 0 
7fa8af1e5000-7fa8af1e6000 r--p 00000000 00:00 0 
7fa8af1e6000-7fa8af1e8000 rw-p 00000000 00:00 0 
7fa8af1e8000-7fa8af1e9000 r--p 0001f000 fe:00 2259                       /lib/x86_64-linux-gnu/ld-2.13.so
7fa8af1e9000-7fa8af1ea000 rw-p 00020000 fe:00 2259                       /lib/x86_64-linux-gnu/ld-2.13.so
7fa8af1ea000-7fa8af1eb000 rw-p 00000000 00:00 0 
7ffe3da72000-7ffe3da93000 rw-p 00000000 00:00 0                          [stack]
7ffe3dba6000-7ffe3dba7000 r-xp 00000000 00:00 0                          [vdso]
ffffffffff600000-ffffffffff601000 r-xp 00000000 00:00 0                  [vsyscall]

VM Arguments:
jvm_args: -Dclassworlds.conf=/course/cs032/bin/apache-maven-3.2.3/bin/m2.conf -Dmaven.home=/course/cs032/bin/apache-maven-3.2.3 
java_command: org.codehaus.plexus.classworlds.launcher.Launcher package
java_class_path (initial): /course/cs032/bin/apache-maven-3.2.3/boot/plexus-classworlds-2.5.1.jar
Launcher Type: SUN_STANDARD

Environment Variables:
JAVA_HOME=/gpfs/main/course/cs032/bin/jdk1.8.0_25
PATH=/course/cs032/bin:/local/bin:/usr/local/bin:/bin:/usr/bin:/usr/X11R6/bin:/usr/games:/contrib/bin:/course/cs032/bin:/course/cs157/bin
SHELL=/bin/bash
DISPLAY=:0.0

Signal Handlers:
SIGSEGV: [libjvm.so+0xa79a80], sa_mask[0]=11111111011111111101111111111110, sa_flags=SA_RESTART|SA_SIGINFO
SIGBUS: [libjvm.so+0xa79a80], sa_mask[0]=11111111011111111101111111111110, sa_flags=SA_RESTART|SA_SIGINFO
SIGFPE: [libjvm.so+0x8e24e0], sa_mask[0]=11111111011111111101111111111110, sa_flags=SA_RESTART|SA_SIGINFO
SIGPIPE: [libjvm.so+0x8e24e0], sa_mask[0]=11111111011111111101111111111110, sa_flags=SA_RESTART|SA_SIGINFO
SIGXFSZ: [libjvm.so+0x8e24e0], sa_mask[0]=11111111011111111101111111111110, sa_flags=SA_RESTART|SA_SIGINFO
SIGILL: [libjvm.so+0x8e24e0], sa_mask[0]=11111111011111111101111111111110, sa_flags=SA_RESTART|SA_SIGINFO
SIGUSR1: SIG_DFL, sa_mask[0]=00000000000000000000000000000000, sa_flags=none
SIGUSR2: [libjvm.so+0x8e3d10], sa_mask[0]=00000000000000000000000000000000, sa_flags=SA_RESTART|SA_SIGINFO
SIGHUP: [libjvm.so+0x8e50d0], sa_mask[0]=11111111011111111101111111111110, sa_flags=SA_RESTART|SA_SIGINFO
SIGINT: [libjvm.so+0x8e50d0], sa_mask[0]=11111111011111111101111111111110, sa_flags=SA_RESTART|SA_SIGINFO
SIGTERM: [libjvm.so+0x8e50d0], sa_mask[0]=11111111011111111101111111111110, sa_flags=SA_RESTART|SA_SIGINFO
SIGQUIT: [libjvm.so+0x8e50d0], sa_mask[0]=11111111011111111101111111111110, sa_flags=SA_RESTART|SA_SIGINFO


---------------  S Y S T E M  ---------------

OS:PRETTY_NAME="Debian GNU/Linux 7 (wheezy)"
NAME="Debian GNU/Linux"
VERSION_ID="7"
VERSION="7 (wheezy)"
ID=debian
ANSI_COLOR="1;31"
HOME_URL="http://www.debian.org/"
SUPPORT_URL="http://www.debian.org/support/"
BUG_REPORT_URL="http://bugs.debian.org/"

uname:Linux 3.2.0-4-amd64 #1 SMP Debian 3.2.65-1+deb7u2 x86_64
libc:glibc 2.13 NPTL 2.13 
rlimit: STACK 8192k, CORE 0k, NPROC 63961, NOFILE 4096, AS infinity
load average:0.19 0.18 0.28

/proc/meminfo:
MemTotal:        8199880 kB
MemFree:          449532 kB
Buffers:          393288 kB
Cached:          4573504 kB
SwapCached:         4404 kB
Active:          4120168 kB
Inactive:        2856604 kB
Active(anon):    1731704 kB
Inactive(anon):   316052 kB
Active(file):    2388464 kB
Inactive(file):  2540552 kB
Unevictable:          16 kB
Mlocked:              16 kB
SwapTotal:       8388604 kB
SwapFree:        8350148 kB
Dirty:               292 kB
Writeback:             0 kB
AnonPages:       2008220 kB
Mapped:           267628 kB
Shmem:             37692 kB
Slab:             659696 kB
SReclaimable:     614176 kB
SUnreclaim:        45520 kB
KernelStack:        3872 kB
PageTables:        29544 kB
NFS_Unstable:          0 kB
Bounce:                0 kB
WritebackTmp:          0 kB
CommitLimit:    12488544 kB
Committed_AS:    5324620 kB
VmallocTotal:   34359738367 kB
VmallocUsed:      326576 kB
VmallocChunk:   34359403516 kB
HardwareCorrupted:     0 kB
AnonHugePages:         0 kB
HugePages_Total:       0
HugePages_Free:        0
HugePages_Rsvd:        0
HugePages_Surp:        0
Hugepagesize:       2048 kB
DirectMap4k:     5021248 kB
DirectMap2M:     3366912 kB


CPU:total 4 (4 cores per cpu, 1 threads per core) family 6 model 15 stepping 11, cmov, cx8, fxsr, mmx, sse, sse2, sse3, ssse3, tsc

/proc/cpuinfo:
processor	: 0
vendor_id	: GenuineIntel
cpu family	: 6
model		: 15
model name	: Intel(R) Core(TM)2 Quad CPU    Q6600  @ 2.40GHz
stepping	: 11
microcode	: 0xb6
cpu MHz		: 2400.365
cache size	: 4096 KB
physical id	: 0
siblings	: 4
core id		: 0
cpu cores	: 4
apicid		: 0
initial apicid	: 0
fpu		: yes
fpu_exception	: yes
cpuid level	: 10
wp		: yes
flags		: fpu vme de pse tsc msr pae mce cx8 apic sep mtrr pge mca cmov pat pse36 clflush dts acpi mmx fxsr sse sse2 ss ht tm pbe syscall nx lm constant_tsc arch_perfmon pebs bts rep_good nopl aperfmperf pni dtes64 monitor ds_cpl vmx est tm2 ssse3 cx16 xtpr pdcm lahf_lm dtherm tpr_shadow vnmi flexpriority
bogomips	: 4800.73
clflush size	: 64
cache_alignment	: 64
address sizes	: 36 bits physical, 48 bits virtual
power management:

processor	: 1
vendor_id	: GenuineIntel
cpu family	: 6
model		: 15
model name	: Intel(R) Core(TM)2 Quad CPU    Q6600  @ 2.40GHz
stepping	: 11
microcode	: 0xb6
cpu MHz		: 2400.365
cache size	: 4096 KB
physical id	: 0
siblings	: 4
core id		: 1
cpu cores	: 4
apicid		: 1
initial apicid	: 1
fpu		: yes
fpu_exception	: yes
cpuid level	: 10
wp		: yes
flags		: fpu vme de pse tsc msr pae mce cx8 apic sep mtrr pge mca cmov pat pse36 clflush dts acpi mmx fxsr sse sse2 ss ht tm pbe syscall nx lm constant_tsc arch_perfmon pebs bts rep_good nopl aperfmperf pni dtes64 monitor ds_cpl vmx est tm2 ssse3 cx16 xtpr pdcm lahf_lm dtherm tpr_shadow vnmi flexpriority
bogomips	: 4800.22
clflush size	: 64
cache_alignment	: 64
address sizes	: 36 bits physical, 48 bits virtual
power management:

processor	: 2
vendor_id	: GenuineIntel
cpu family	: 6
model		: 15
model name	: Intel(R) Core(TM)2 Quad CPU    Q6600  @ 2.40GHz
stepping	: 11
microcode	: 0xb6
cpu MHz		: 2400.365
cache size	: 4096 KB
physical id	: 0
siblings	: 4
core id		: 2
cpu cores	: 4
apicid		: 2
initial apicid	: 2
fpu		: yes
fpu_exception	: yes
cpuid level	: 10
wp		: yes
flags		: fpu vme de pse tsc msr pae mce cx8 apic sep mtrr pge mca cmov pat pse36 clflush dts acpi mmx fxsr sse sse2 ss ht tm pbe syscall nx lm constant_tsc arch_perfmon pebs bts rep_good nopl aperfmperf pni dtes64 monitor ds_cpl vmx est tm2 ssse3 cx16 xtpr pdcm lahf_lm dtherm tpr_shadow vnmi flexpriority
bogomips	: 4800.28
clflush size	: 64
cache_alignment	: 64
address sizes	: 36 bits physical, 48 bits virtual
power management:

processor	: 3
vendor_id	: GenuineIntel
cpu family	: 6
model		: 15
model name	: Intel(R) Core(TM)2 Quad CPU    Q6600  @ 2.40GHz
stepping	: 11
microcode	: 0xb6
cpu MHz		: 2400.365
cache size	: 4096 KB
physical id	: 0
siblings	: 4
core id		: 3
cpu cores	: 4
apicid		: 3
initial apicid	: 3
fpu		: yes
fpu_exception	: yes
cpuid level	: 10
wp		: yes
flags		: fpu vme de pse tsc msr pae mce cx8 apic sep mtrr pge mca cmov pat pse36 clflush dts acpi mmx fxsr sse sse2 ss ht tm pbe syscall nx lm constant_tsc arch_perfmon pebs bts rep_good nopl aperfmperf pni dtes64 monitor ds_cpl vmx est tm2 ssse3 cx16 xtpr pdcm lahf_lm dtherm tpr_shadow vnmi flexpriority
bogomips	: 4800.27
clflush size	: 64
cache_alignment	: 64
address sizes	: 36 bits physical, 48 bits virtual
power management:



Memory: 4k page, physical 8199880k(449532k free), swap 8388604k(8350148k free)

vm_info: Java HotSpot(TM) 64-Bit Server VM (25.25-b02) for linux-amd64 JRE (1.8.0_25-b17), built on Sep 17 2014 17:32:11 by "java_re" with gcc 4.3.0 20080428 (Red Hat 4.3.0-8)

time: Thu Apr 23 13:33:31 2015
elapsed time: 0 seconds (0d 0h 0m 0s)

