#
# A fatal error has been detected by the Java Runtime Environment:
#
#  SIGSEGV (0xb) at pc=0x00007f9a30016060, pid=24372, tid=140301555562240
#
# JRE version: Java(TM) SE Runtime Environment (8.0_25-b17) (build 1.8.0_25-b17)
# Java VM: Java HotSpot(TM) 64-Bit Server VM (25.25-b02 mixed mode linux-amd64 compressed oops)
# Problematic frame:
# C  0x00007f9a30016060
#
# Failed to write core dump. Core dumps have been disabled. To enable core dumping, try "ulimit -c unlimited" before starting Java again
#
# If you would like to submit a bug report, please visit:
#   http://bugreport.sun.com/bugreport/crash.jsp
#

---------------  T H R E A D  ---------------

Current thread (0x0000000000c45000):  JavaThread "main" [_thread_in_Java, id=24388, stack(0x00007f9a80517000,0x00007f9a80618000)]

siginfo: si_signo: 11 (SIGSEGV), si_code: 1 (SEGV_MAPERR), si_addr: 0x00007f9a30016060

Registers:
RAX=0x00007f9a69754e08, RBX=0x00007f9a69754e08, RCX=0x00000000daa4d368, RDX=0x0000000000000000
RSP=0x00007f9a80614708, RBP=0x00007f9a80614768, RSI=0x00000000daa4d368, RDI=0x00007f9a6f018710
R8 =0x00000000000000b6, R9 =0x0000000000000001, R10=0x00007f9a7fa4d4a0, R11=0x00007f9a6f42c780
R12=0x0000000000000000, R13=0x00007f9a80614718, R14=0x0000000000000000, R15=0x0000000000c45000
RIP=0x00007f9a30016060, EFLAGS=0x0000000000010202, CSGSFS=0x0000000000000033, ERR=0x0000000000000014
  TRAPNO=0x000000000000000e

Top of Stack: (sp=0x00007f9a80614708)
0x00007f9a80614708:   00007f9a6f0187e4 00007f9a6f0187e4
0x00007f9a80614718:   00000000daa4d368 00000000d65b7fe8
0x00007f9a80614728:   00007f9a80614728 00007f9a69754022
0x00007f9a80614738:   00007f9a80614780 00007f9a697e6f00
0x00007f9a80614748:   0000000000000000 00007f9a69754040
0x00007f9a80614758:   00007f9a80614718 00007f9a80614778
0x00007f9a80614768:   00007f9a806147c8 00007f9a6f018160
0x00007f9a80614778:   00000000daa4d368 00000000d65b7fe8
0x00007f9a80614788:   00007f9a80614788 00007f9a69eb940b
0x00007f9a80614798:   00007f9a80614838 00007f9a69ebac28
0x00007f9a806147a8:   0000000000000000 00007f9a69eb96b8
0x00007f9a806147b8:   00007f9a80614778 00007f9a80614818
0x00007f9a806147c8:   00007f9a80614880 00007f9a6f018710
0x00007f9a806147d8:   0000000000000000 0000000000000000
0x00007f9a806147e8:   0000000000000000 0000000000000000
0x00007f9a806147f8:   0000000000000000 0000000000000000
0x00007f9a80614808:   0000000000000000 0000000000000000
0x00007f9a80614818:   00000000d655db90 00000000d66d4cd8
0x00007f9a80614828:   00000000d66aef80 00000000d65b7fe8
0x00007f9a80614838:   00000000daa4d2a0 00007f9a80614840
0x00007f9a80614848:   00007f9a677b31a9 00007f9a80614898
0x00007f9a80614858:   00007f9a677b3880 0000000000000000
0x00007f9a80614868:   00007f9a677b31d0 00007f9a80614818
0x00007f9a80614878:   00007f9a80614890 00007f9a806148e0
0x00007f9a80614888:   00007f9a6f018710 00000000d65b7fe8
0x00007f9a80614898:   00000000d66ec768 00007f9a806148a0
0x00007f9a806148a8:   00007f9a677b366a 00007f9a806148f8
0x00007f9a806148b8:   00007f9a677b3880 0000000000000000
0x00007f9a806148c8:   00007f9a677b3690 00007f9a80614890
0x00007f9a806148d8:   00007f9a806148f0 00007f9a80614940
0x00007f9a806148e8:   00007f9a6f018710 00000000d65b7fe8
0x00007f9a806148f8:   00000000d66ec768 00007f9a80614900 

Instructions: (pc=0x00007f9a30016060)
0x00007f9a30016040:   
[error occurred during error reporting (printing registers, top of stack, instructions near pc), id 0xb]

Register to memory mapping:

RAX={method} {0x00007f9a69754e08} 'toString' '()Ljava/lang/String;' in 'java/lang/String'
RBX={method} {0x00007f9a69754e08} 'toString' '()Ljava/lang/String;' in 'java/lang/String'
RCX=0x00000000daa4d368 is an oop
java.lang.String 
 - klass: 'java/lang/String'
RDX=0x0000000000000000 is an unknown value
RSP=0x00007f9a80614708 is pointing into the stack for thread: 0x0000000000c45000
RBP=0x00007f9a80614768 is pointing into the stack for thread: 0x0000000000c45000
RSI=0x00000000daa4d368 is an oop
java.lang.String 
 - klass: 'java/lang/String'
RDI=0x00007f9a6f018710 is at code_begin+1456 in an Interpreter codelet
invoke return entry points  [0x00007f9a6f018160, 0x00007f9a6f018a60]  2304 bytes
R8 =0x00000000000000b6 is an unknown value
R9 =0x0000000000000001 is an unknown value
R10=0x00007f9a7fa4d4a0: <offset 0xf5c4a0> in /gpfs/main/course/cs032/bin/jdk1.8.0_25/jre/lib/amd64/server/libjvm.so at 0x00007f9a7eaf1000
R11=0x00007f9a6f42c780 is at entry_point+32 in (nmethod*)0x00007f9a6f42c610
R12=0x0000000000000000 is an unknown value
R13=0x00007f9a80614718 is pointing into the stack for thread: 0x0000000000c45000
R14=0x0000000000000000 is an unknown value
R15=0x0000000000c45000 is a thread


Stack: [0x00007f9a80517000,0x00007f9a80618000],  sp=0x00007f9a80614708,  free space=1013k
Native frames: (J=compiled Java code, j=interpreted, Vv=VM code, C=native code)
C  0x00007f9a30016060
j  org.apache.maven.model.interpolation.AbstractStringBasedModelInterpolator.interpolateInternal(Ljava/lang/String;Ljava/util/List;Ljava/util/List;Lorg/apache/maven/model/building/ModelProblemCollector;)Ljava/lang/String;+3
j  org.apache.maven.model.interpolation.StringSearchModelInterpolator$InterpolateObjectAction.interpolate(Ljava/lang/String;)Ljava/lang/String;+17
j  org.apache.maven.model.interpolation.StringSearchModelInterpolator$InterpolateObjectAction.access$300(Lorg/apache/maven/model/interpolation/StringSearchModelInterpolator$InterpolateObjectAction;Ljava/lang/String;)Ljava/lang/String;+2
j  org.apache.maven.model.interpolation.StringSearchModelInterpolator$InterpolateObjectAction$StringField.doInterpolate(Ljava/lang/Object;Lorg/apache/maven/model/interpolation/StringSearchModelInterpolator$InterpolateObjectAction;)V+19
j  org.apache.maven.model.interpolation.StringSearchModelInterpolator$InterpolateObjectAction$CacheField.interpolate(Ljava/lang/Object;Lorg/apache/maven/model/interpolation/StringSearchModelInterpolator$InterpolateObjectAction;)V+27
j  org.apache.maven.model.interpolation.StringSearchModelInterpolator$InterpolateObjectAction$CacheItem.interpolate(Ljava/lang/Object;Lorg/apache/maven/model/interpolation/StringSearchModelInterpolator$InterpolateObjectAction;)V+29
j  org.apache.maven.model.interpolation.StringSearchModelInterpolator$InterpolateObjectAction.traverseObjectWithParents(Ljava/lang/Class;Ljava/lang/Object;)V+36
j  org.apache.maven.model.interpolation.StringSearchModelInterpolator$InterpolateObjectAction.run()Ljava/lang/Object;+24
v  ~StubRoutines::call_stub
V  [libjvm.so+0x664086]  JavaCalls::call_helper(JavaValue*, methodHandle*, JavaCallArguments*, Thread*)+0x1056
V  [libjvm.so+0x6f8fec]  JVM_DoPrivileged+0x27c
J 818  java.security.AccessController.doPrivileged(Ljava/security/PrivilegedAction;)Ljava/lang/Object; (0 bytes) @ 0x00007f9a6f3208bf [0x00007f9a6f320800+0xbf]
j  org.apache.maven.model.interpolation.StringSearchModelInterpolator.interpolateObject(Ljava/lang/Object;Lorg/apache/maven/model/Model;Ljava/io/File;Lorg/apache/maven/model/building/ModelBuildingRequest;Lorg/apache/maven/model/building/ModelProblemCollector;)V+41
j  org.apache.maven.model.interpolation.StringSearchModelInterpolator.interpolateModel(Lorg/apache/maven/model/Model;Ljava/io/File;Lorg/apache/maven/model/building/ModelBuildingRequest;Lorg/apache/maven/model/building/ModelProblemCollector;)Lorg/apache/maven/model/Model;+7
j  org.apache.maven.model.building.DefaultModelBuilder.interpolateModel(Lorg/apache/maven/model/Model;Lorg/apache/maven/model/building/ModelBuildingRequest;Lorg/apache/maven/model/building/ModelProblemCollector;)Lorg/apache/maven/model/Model;+19
j  org.apache.maven.model.building.DefaultModelBuilder.build(Lorg/apache/maven/model/building/ModelBuildingRequest;)Lorg/apache/maven/model/building/ModelBuildingResult;+788
j  org.apache.maven.project.DefaultProjectBuilder.build(Ljava/util/List;Ljava/util/List;Ljava/util/Map;Ljava/io/File;Ljava/util/Set;ZZLorg/apache/maven/project/DefaultProjectBuilder$InternalConfig;)Z+84
j  org.apache.maven.project.DefaultProjectBuilder.build(Ljava/util/List;Ljava/util/List;Ljava/util/Map;Ljava/util/List;Ljava/util/Set;ZZLorg/apache/maven/project/DefaultProjectBuilder$InternalConfig;)Z+58
j  org.apache.maven.project.DefaultProjectBuilder.build(Ljava/util/List;ZLorg/apache/maven/project/ProjectBuildingRequest;)Ljava/util/List;+71
j  org.apache.maven.DefaultMaven.collectProjects(Ljava/util/List;Ljava/util/List;Lorg/apache/maven/execution/MavenExecutionRequest;)V+21
j  org.apache.maven.DefaultMaven.getProjectsForMavenReactor(Lorg/apache/maven/execution/MavenSession;)Ljava/util/List;+131
j  org.apache.maven.DefaultMaven.doExecute(Lorg/apache/maven/execution/MavenExecutionRequest;)Lorg/apache/maven/execution/MavenExecutionResult;+151
j  org.apache.maven.DefaultMaven.execute(Lorg/apache/maven/execution/MavenExecutionRequest;)Lorg/apache/maven/execution/MavenExecutionResult;+11
j  org.apache.maven.cli.MavenCli.execute(Lorg/apache/maven/cli/MavenCli$CliRequest;)I+19
j  org.apache.maven.cli.MavenCli.doMain(Lorg/apache/maven/cli/MavenCli$CliRequest;)I+61
j  org.apache.maven.cli.MavenCli.main([Ljava/lang/String;Lorg/codehaus/plexus/classworlds/ClassWorld;)I+18
v  ~StubRoutines::call_stub
V  [libjvm.so+0x664086]  JavaCalls::call_helper(JavaValue*, methodHandle*, JavaCallArguments*, Thread*)+0x1056
V  [libjvm.so+0x958ab7]  Reflection::invoke(instanceKlassHandle, methodHandle, Handle, bool, objArrayHandle, BasicType, objArrayHandle, bool, Thread*)+0x5d7
V  [libjvm.so+0x95c187]  Reflection::invoke_method(oopDesc*, Handle, objArrayHandle, Thread*)+0x147
V  [libjvm.so+0x6ea3cb]  JVM_InvokeMethod+0x26b
j  sun.reflect.NativeMethodAccessorImpl.invoke0(Ljava/lang/reflect/Method;Ljava/lang/Object;[Ljava/lang/Object;)Ljava/lang/Object;+0
j  sun.reflect.NativeMethodAccessorImpl.invoke(Ljava/lang/Object;[Ljava/lang/Object;)Ljava/lang/Object;+100
j  sun.reflect.DelegatingMethodAccessorImpl.invoke(Ljava/lang/Object;[Ljava/lang/Object;)Ljava/lang/Object;+6
j  java.lang.reflect.Method.invoke(Ljava/lang/Object;[Ljava/lang/Object;)Ljava/lang/Object;+56
j  org.codehaus.plexus.classworlds.launcher.Launcher.launchEnhanced([Ljava/lang/String;)V+45
j  org.codehaus.plexus.classworlds.launcher.Launcher.launch([Ljava/lang/String;)V+2
j  org.codehaus.plexus.classworlds.launcher.Launcher.mainWithExitCode([Ljava/lang/String;)I+101
j  org.codehaus.plexus.classworlds.launcher.Launcher.main([Ljava/lang/String;)V+1
v  ~StubRoutines::call_stub
V  [libjvm.so+0x664086]  JavaCalls::call_helper(JavaValue*, methodHandle*, JavaCallArguments*, Thread*)+0x1056
V  [libjvm.so+0x6ab096]  jni_invoke_static(JNIEnv_*, JavaValue*, _jobject*, JNICallType, _jmethodID*, JNI_ArgumentPusher*, Thread*)+0x346
V  [libjvm.so+0x6b1c2a]  jni_CallStaticVoidMethod+0x17a
C  [libjli.so+0x7b14]  JavaMain+0x844
C  [libpthread.so.0+0x6b50]  start_thread+0xd0


---------------  P R O C E S S  ---------------

Java Threads: ( => current thread )
  0x0000000000d27000 JavaThread "Service Thread" daemon [_thread_blocked, id=24400, stack(0x00007f9a67c74000,0x00007f9a67d75000)]
  0x00007f9a60004000 JavaThread "C1 CompilerThread2" daemon [_thread_blocked, id=24399, stack(0x00007f9a67d75000,0x00007f9a67e76000)]
  0x00007f9a60001800 JavaThread "C2 CompilerThread1" daemon [_thread_blocked, id=24398, stack(0x00007f9a67e76000,0x00007f9a67f77000)]
  0x0000000000cec800 JavaThread "C2 CompilerThread0" daemon [_thread_in_native, id=24397, stack(0x00007f9a67f77000,0x00007f9a68078000)]
  0x0000000000cea000 JavaThread "Signal Dispatcher" daemon [_thread_blocked, id=24396, stack(0x00007f9a68078000,0x00007f9a68179000)]
  0x0000000000cbd000 JavaThread "Finalizer" daemon [_thread_blocked, id=24395, stack(0x00007f9a68179000,0x00007f9a6827a000)]
  0x0000000000cb5800 JavaThread "Reference Handler" daemon [_thread_blocked, id=24394, stack(0x00007f9a6827a000,0x00007f9a6837b000)]
=>0x0000000000c45000 JavaThread "main" [_thread_in_Java, id=24388, stack(0x00007f9a80517000,0x00007f9a80618000)]

Other Threads:
  0x0000000000cae800 VMThread [stack: 0x00007f9a6837b000,0x00007f9a6847c000] [id=24393]
  0x0000000000d31000 WatcherThread [stack: 0x00007f9a67b73000,0x00007f9a67c74000] [id=24401]

VM state:not at safepoint (normal execution)

VM Mutex/Monitor currently owned by a thread: None

Heap:
 PSYoungGen      total 70656K, used 8073K [0x00000000d6500000, 0x00000000daf00000, 0x0000000100000000)
  eden space 65536K, 4% used [0x00000000d6500000,0x00000000d67e5c00,0x00000000da500000)
  from space 5120K, 99% used [0x00000000daa00000,0x00000000daefc878,0x00000000daf00000)
  to   space 5120K, 0% used [0x00000000da500000,0x00000000da500000,0x00000000daa00000)
 ParOldGen       total 86016K, used 1936K [0x0000000082e00000, 0x0000000088200000, 0x00000000d6500000)
  object space 86016K, 2% used [0x0000000082e00000,0x0000000082fe4048,0x0000000088200000)
 Metaspace       used 12720K, capacity 12880K, committed 13056K, reserved 1060864K
  class space    used 1574K, capacity 1670K, committed 1792K, reserved 1048576K

Card table byte_map: [0x00007f9a6e867000,0x00007f9a6ec51000] byte_map_base: 0x00007f9a6e450000

Marking Bits: (ParMarkBitMap*) 0x00007f9a7fa4b2c0
 Begin Bits: [0x00007f9a6a337000, 0x00007f9a6c27f000)
 End Bits:   [0x00007f9a6c27f000, 0x00007f9a6e1c7000)

Polling page: 0x00007f9a80652000

CodeCache: size=245760Kb used=4515Kb max_used=4531Kb free=241244Kb
 bounds [0x00007f9a6f011000, 0x00007f9a6f491000, 0x00007f9a7e011000]
 total_blobs=1642 nmethods=1332 adapters=225
 compilation: enabled

Compilation events (10 events):
Event: 1.462 Thread 0x00007f9a60004000 nmethod 1329 0x00007f9a6f46b2d0 code [0x00007f9a6f46b460, 0x00007f9a6f46b988]
Event: 1.462 Thread 0x00007f9a60004000 1330       3       java.lang.reflect.Field::getFieldAccessor (35 bytes)
Event: 1.463 Thread 0x00007f9a60004000 nmethod 1330 0x00007f9a6f46be50 code [0x00007f9a6f46bfc0, 0x00007f9a6f46c208]
Event: 1.463 Thread 0x00007f9a60004000 1331       3       sun.reflect.UnsafeFieldAccessorImpl::ensureObj (23 bytes)
Event: 1.463 Thread 0x00007f9a60004000 nmethod 1331 0x00007f9a6f46c290 code [0x00007f9a6f46c460, 0x00007f9a6f46cd98]
Event: 1.463 Thread 0x00007f9a60004000 1333       3       java.lang.reflect.Field::get (51 bytes)
Event: 1.464 Thread 0x00007f9a60004000 nmethod 1333 0x00007f9a6f46d410 code [0x00007f9a6f46d5e0, 0x00007f9a6f46dc08]
Event: 1.464 Thread 0x00007f9a60004000 1336       1       java.lang.String::toString (2 bytes)
Event: 1.464 Thread 0x00007f9a60004000 nmethod 1336 0x00007f9a6f46de10 code [0x00007f9a6f46df60, 0x00007f9a6f46e070]
Event: 1.464 Thread 0x00007f9a60004000 1334   !   3       org.apache.maven.model.interpolation.StringSearchModelInterpolator$InterpolateObjectAction$CacheField::interpolate (237 bytes)

GC Heap History (4 events):
Event: 0.779 GC heap before
{Heap before GC invocations=1 (full 0):
 PSYoungGen      total 37888K, used 32768K [0x00000000d6500000, 0x00000000d8f00000, 0x0000000100000000)
  eden space 32768K, 100% used [0x00000000d6500000,0x00000000d8500000,0x00000000d8500000)
  from space 5120K, 0% used [0x00000000d8a00000,0x00000000d8a00000,0x00000000d8f00000)
  to   space 5120K, 0% used [0x00000000d8500000,0x00000000d8500000,0x00000000d8a00000)
 ParOldGen       total 86016K, used 0K [0x0000000082e00000, 0x0000000088200000, 0x00000000d6500000)
  object space 86016K, 0% used [0x0000000082e00000,0x0000000082e00000,0x0000000088200000)
 Metaspace       used 7857K, capacity 8030K, committed 8192K, reserved 1056768K
  class space    used 955K, capacity 1017K, committed 1024K, reserved 1048576K
Event: 0.789 GC heap after
Heap after GC invocations=1 (full 0):
 PSYoungGen      total 37888K, used 4955K [0x00000000d6500000, 0x00000000daf00000, 0x0000000100000000)
  eden space 32768K, 0% used [0x00000000d6500000,0x00000000d6500000,0x00000000d8500000)
  from space 5120K, 96% used [0x00000000d8500000,0x00000000d89d6cd8,0x00000000d8a00000)
  to   space 5120K, 0% used [0x00000000daa00000,0x00000000daa00000,0x00000000daf00000)
 ParOldGen       total 86016K, used 16K [0x0000000082e00000, 0x0000000088200000, 0x00000000d6500000)
  object space 86016K, 0% used [0x0000000082e00000,0x0000000082e04000,0x0000000088200000)
 Metaspace       used 7857K, capacity 8030K, committed 8192K, reserved 1056768K
  class space    used 955K, capacity 1017K, committed 1024K, reserved 1048576K
}
Event: 1.382 GC heap before
{Heap before GC invocations=2 (full 0):
 PSYoungGen      total 37888K, used 37723K [0x00000000d6500000, 0x00000000daf00000, 0x0000000100000000)
  eden space 32768K, 100% used [0x00000000d6500000,0x00000000d8500000,0x00000000d8500000)
  from space 5120K, 96% used [0x00000000d8500000,0x00000000d89d6cd8,0x00000000d8a00000)
  to   space 5120K, 0% used [0x00000000daa00000,0x00000000daa00000,0x00000000daf00000)
 ParOldGen       total 86016K, used 16K [0x0000000082e00000, 0x0000000088200000, 0x00000000d6500000)
  object space 86016K, 0% used [0x0000000082e00000,0x0000000082e04000,0x0000000088200000)
 Metaspace       used 12225K, capacity 12368K, committed 12672K, reserved 1060864K
  class space    used 1529K, capacity 1606K, committed 1664K, reserved 1048576K
Event: 1.394 GC heap after
Heap after GC invocations=2 (full 0):
 PSYoungGen      total 70656K, used 5106K [0x00000000d6500000, 0x00000000daf00000, 0x0000000100000000)
  eden space 65536K, 0% used [0x00000000d6500000,0x00000000d6500000,0x00000000da500000)
  from space 5120K, 99% used [0x00000000daa00000,0x00000000daefc878,0x00000000daf00000)
  to   space 5120K, 0% used [0x00000000da500000,0x00000000da500000,0x00000000daa00000)
 ParOldGen       total 86016K, used 1936K [0x0000000082e00000, 0x0000000088200000, 0x00000000d6500000)
  object space 86016K, 2% used [0x0000000082e00000,0x0000000082fe4048,0x0000000088200000)
 Metaspace       used 12225K, capacity 12368K, committed 12672K, reserved 1060864K
  class space    used 1529K, capacity 1606K, committed 1664K, reserved 1048576K
}

Deoptimization events (0 events):
No events

Internal exceptions (10 events):
Event: 1.455 Thread 0x0000000000c45000 Exception <a 'java/security/PrivilegedActionException'> (0x00000000d6776c28) thrown at [/HUDSON/workspace/8-2-build-linux-amd64/jdk8u25/1514/hotspot/src/share/vm/prims/jvm.cpp, line 1312]
Event: 1.455 Thread 0x0000000000c45000 Exception <a 'java/security/PrivilegedActionException'> (0x00000000d67775a8) thrown at [/HUDSON/workspace/8-2-build-linux-amd64/jdk8u25/1514/hotspot/src/share/vm/prims/jvm.cpp, line 1312]
Event: 1.456 Thread 0x0000000000c45000 Exception <a 'java/security/PrivilegedActionException'> (0x00000000d677f930) thrown at [/HUDSON/workspace/8-2-build-linux-amd64/jdk8u25/1514/hotspot/src/share/vm/prims/jvm.cpp, line 1312]
Event: 1.456 Thread 0x0000000000c45000 Exception <a 'java/security/PrivilegedActionException'> (0x00000000d67801e0) thrown at [/HUDSON/workspace/8-2-build-linux-amd64/jdk8u25/1514/hotspot/src/share/vm/prims/jvm.cpp, line 1312]
Event: 1.456 Thread 0x0000000000c45000 Exception <a 'java/security/PrivilegedActionException'> (0x00000000d67863f8) thrown at [/HUDSON/workspace/8-2-build-linux-amd64/jdk8u25/1514/hotspot/src/share/vm/prims/jvm.cpp, line 1312]
Event: 1.456 Thread 0x0000000000c45000 Exception <a 'java/security/PrivilegedActionException'> (0x00000000d6786c88) thrown at [/HUDSON/workspace/8-2-build-linux-amd64/jdk8u25/1514/hotspot/src/share/vm/prims/jvm.cpp, line 1312]
Event: 1.459 Thread 0x0000000000c45000 Exception <a 'java/security/PrivilegedActionException'> (0x00000000d679c190) thrown at [/HUDSON/workspace/8-2-build-linux-amd64/jdk8u25/1514/hotspot/src/share/vm/prims/jvm.cpp, line 1312]
Event: 1.459 Thread 0x0000000000c45000 Exception <a 'java/security/PrivilegedActionException'> (0x00000000d679cae0) thrown at [/HUDSON/workspace/8-2-build-linux-amd64/jdk8u25/1514/hotspot/src/share/vm/prims/jvm.cpp, line 1312]
Event: 1.460 Thread 0x0000000000c45000 Exception <a 'java/security/PrivilegedActionException'> (0x00000000d67a15d8) thrown at [/HUDSON/workspace/8-2-build-linux-amd64/jdk8u25/1514/hotspot/src/share/vm/prims/jvm.cpp, line 1312]
Event: 1.460 Thread 0x0000000000c45000 Exception <a 'java/security/PrivilegedActionException'> (0x00000000d67a1e80) thrown at [/HUDSON/workspace/8-2-build-linux-amd64/jdk8u25/1514/hotspot/src/share/vm/prims/jvm.cpp, line 1312]

Events (10 events):
Event: 1.456 loading class org/apache/maven/model/License
Event: 1.456 loading class org/apache/maven/model/License done
Event: 1.459 loading class org/codehaus/plexus/interpolation/util/StringUtils
Event: 1.459 loading class org/codehaus/plexus/interpolation/util/StringUtils done
Event: 1.460 loading class org/apache/maven/model/Extension
Event: 1.460 loading class org/apache/maven/model/Extension done
Event: 1.463 loading class sun/reflect/UnsafeQualifiedObjectFieldAccessorImpl
Event: 1.463 loading class sun/reflect/UnsafeQualifiedFieldAccessorImpl
Event: 1.463 loading class sun/reflect/UnsafeQualifiedFieldAccessorImpl done
Event: 1.463 loading class sun/reflect/UnsafeQualifiedObjectFieldAccessorImpl done


Dynamic libraries:
00400000-00401000 r-xp 00000000 00:14 138267735                          /gpfs/main/course/cs032/bin/jdk1.8.0_25/bin/java
00600000-00601000 rw-p 00000000 00:14 138267735                          /gpfs/main/course/cs032/bin/jdk1.8.0_25/bin/java
00c3c000-01787000 rw-p 00000000 00:00 0                                  [heap]
82e00000-88200000 rw-p 00000000 00:00 0 
88200000-d6500000 ---p 00000000 00:00 0 
d6500000-daf00000 rw-p 00000000 00:00 0 
daf00000-100000000 ---p 00000000 00:00 0 
100000000-1001c0000 rw-p 00000000 00:00 0 
1001c0000-140000000 ---p 00000000 00:00 0 
7f9a58000000-7f9a5877b000 rw-p 00000000 00:00 0 
7f9a5877b000-7f9a5c000000 ---p 00000000 00:00 0 
7f9a60000000-7f9a60a74000 rw-p 00000000 00:00 0 
7f9a60a74000-7f9a64000000 ---p 00000000 00:00 0 
7f9a676b7000-7f9a676c8000 rw-p 00000000 00:00 0 
7f9a676c8000-7f9a676cc000 r--s 00093000 00:14 136611567                  /gpfs/main/course/cs032/bin/jdk1.8.0_25/jre/lib/jsse.jar
7f9a676cc000-7f9a677cc000 rw-p 00000000 00:00 0 
7f9a677cc000-7f9a678cc000 ---p 00000000 00:00 0 
7f9a678cc000-7f9a67acc000 rw-p 00000000 00:00 0 
7f9a67acc000-7f9a67ae8000 r--s 00393000 00:14 136611667                  /gpfs/main/course/cs032/bin/jdk1.8.0_25/jre/lib/ext/cldrdata.jar
7f9a67ae8000-7f9a67af2000 r--s 00116000 00:14 136611642                  /gpfs/main/course/cs032/bin/jdk1.8.0_25/jre/lib/ext/localedata.jar
7f9a67af2000-7f9a67af3000 r--s 00002000 00:14 50783475                   /gpfs/main/course/cs032/bin/apache-maven-3.2.3/lib/slf4j-simple-1.7.5.jar
7f9a67af3000-7f9a67af7000 r--s 00027000 00:14 50783464                   /gpfs/main/course/cs032/bin/apache-maven-3.2.3/lib/commons-io-2.2.jar
7f9a67af7000-7f9a67afc000 r--s 00041000 00:14 50783460                   /gpfs/main/course/cs032/bin/apache-maven-3.2.3/lib/commons-lang-2.6.jar
7f9a67afc000-7f9a67b02000 r--s 00042000 00:14 50783457                   /gpfs/main/course/cs032/bin/apache-maven-3.2.3/lib/jsoup-1.7.2.jar
7f9a67b02000-7f9a67b21000 r--s 00134000 00:14 50783453                   /gpfs/main/course/cs032/bin/apache-maven-3.2.3/lib/wagon-http-2.6-shaded.jar
7f9a67b21000-7f9a67b23000 r--s 00009000 00:14 50783447                   /gpfs/main/course/cs032/bin/apache-maven-3.2.3/lib/commons-cli-1.2.jar
7f9a67b23000-7f9a67b25000 r--s 00005000 00:14 50783446                   /gpfs/main/course/cs032/bin/apache-maven-3.2.3/lib/slf4j-api-1.7.5.jar
7f9a67b25000-7f9a67b27000 r--s 0000b000 00:14 50783445                   /gpfs/main/course/cs032/bin/apache-maven-3.2.3/lib/wagon-provider-api-2.6.jar
7f9a67b27000-7f9a67b2e000 r--s 0003f000 00:14 50783443                   /gpfs/main/course/cs032/bin/apache-maven-3.2.3/lib/maven-compat-3.2.3.jar
7f9a67b2e000-7f9a67b32000 r--s 00020000 00:14 50783441                   /gpfs/main/course/cs032/bin/apache-maven-3.2.3/lib/aether-impl-0.9.0.M2.jar
7f9a67b32000-7f9a67b36000 r--s 0001d000 00:14 50783440                   /gpfs/main/course/cs032/bin/apache-maven-3.2.3/lib/aether-util-0.9.0.M2.jar
7f9a67b36000-7f9a67b38000 r--s 00003000 00:14 50783439                   /gpfs/main/course/cs032/bin/apache-maven-3.2.3/lib/aether-spi-0.9.0.M2.jar
7f9a67b38000-7f9a67b3c000 r--s 0001d000 00:14 50783438                   /gpfs/main/course/cs032/bin/apache-maven-3.2.3/lib/aether-api-0.9.0.M2.jar
7f9a67b3c000-7f9a67b41000 r--s 00025000 00:14 50783436                   /gpfs/main/course/cs032/bin/apache-maven-3.2.3/lib/maven-model-builder-3.2.3.jar
7f9a67b41000-7f9a67b47000 r--s 00042000 00:14 50783433                   /gpfs/main/course/cs032/bin/apache-maven-3.2.3/lib/org.eclipse.sisu.inject-0.0.0.M5.jar
7f9a67b47000-7f9a67b70000 r--s 001ee000 00:14 50783429                   /gpfs/main/course/cs032/bin/apache-maven-3.2.3/lib/guava-14.0.1.jar
7f9a67b70000-7f9a67b73000 r--s 0000a000 00:14 50783308                   /gpfs/main/course/cs032/bin/apache-maven-3.2.3/boot/plexus-classworlds-2.5.1.jar
7f9a67b73000-7f9a67b74000 ---p 00000000 00:00 0 
7f9a67b74000-7f9a67c74000 rw-p 00000000 00:00 0 
7f9a67c74000-7f9a67c77000 ---p 00000000 00:00 0 
7f9a67c77000-7f9a67d75000 rw-p 00000000 00:00 0 
7f9a67d75000-7f9a67d78000 ---p 00000000 00:00 0 
7f9a67d78000-7f9a67e76000 rw-p 00000000 00:00 0 
7f9a67e76000-7f9a67e79000 ---p 00000000 00:00 0 
7f9a67e79000-7f9a67f77000 rw-p 00000000 00:00 0 
7f9a67f77000-7f9a67f7a000 ---p 00000000 00:00 0 
7f9a67f7a000-7f9a68078000 rw-p 00000000 00:00 0 
7f9a68078000-7f9a6807b000 ---p 00000000 00:00 0 
7f9a6807b000-7f9a68179000 rw-p 00000000 00:00 0 
7f9a68179000-7f9a6817c000 ---p 00000000 00:00 0 
7f9a6817c000-7f9a6827a000 rw-p 00000000 00:00 0 
7f9a6827a000-7f9a6827d000 ---p 00000000 00:00 0 
7f9a6827d000-7f9a6837b000 rw-p 00000000 00:00 0 
7f9a6837b000-7f9a6837c000 ---p 00000000 00:00 0 
7f9a6837c000-7f9a6947f000 rw-p 00000000 00:00 0 
7f9a6947f000-7f9a69655000 r--s 03caa000 00:14 136611550                  /gpfs/main/course/cs032/bin/jdk1.8.0_25/jre/lib/rt.jar
7f9a69655000-7f9a6e1c7000 rw-p 00000000 00:00 0 
7f9a6e1c7000-7f9a6e1c8000 ---p 00000000 00:00 0 
7f9a6e1c8000-7f9a6e2c8000 rw-p 00000000 00:00 0 
7f9a6e2c8000-7f9a6e2c9000 ---p 00000000 00:00 0 
7f9a6e2c9000-7f9a6e3c9000 rw-p 00000000 00:00 0 
7f9a6e3c9000-7f9a6e3ca000 ---p 00000000 00:00 0 
7f9a6e3ca000-7f9a6e4ca000 rw-p 00000000 00:00 0 
7f9a6e4ca000-7f9a6e4cb000 ---p 00000000 00:00 0 
7f9a6e4cb000-7f9a6e5f5000 rw-p 00000000 00:00 0 
7f9a6e5f5000-7f9a6e867000 ---p 00000000 00:00 0 
7f9a6e867000-7f9a6e891000 rw-p 00000000 00:00 0 
7f9a6e891000-7f9a6eb02000 ---p 00000000 00:00 0 
7f9a6eb02000-7f9a6eb28000 rw-p 00000000 00:00 0 
7f9a6eb28000-7f9a6ec50000 ---p 00000000 00:00 0 
7f9a6ec50000-7f9a6ec63000 rw-p 00000000 00:00 0 
7f9a6ec63000-7f9a6f011000 ---p 00000000 00:00 0 
7f9a6f011000-7f9a6f491000 rwxp 00000000 00:00 0 
7f9a6f491000-7f9a7e011000 ---p 00000000 00:00 0 
7f9a7e011000-7f9a7e02b000 r-xp 00000000 00:14 136610880                  /gpfs/main/course/cs032/bin/jdk1.8.0_25/jre/lib/amd64/libzip.so
7f9a7e02b000-7f9a7e22b000 ---p 0001a000 00:14 136610880                  /gpfs/main/course/cs032/bin/jdk1.8.0_25/jre/lib/amd64/libzip.so
7f9a7e22b000-7f9a7e22c000 rw-p 0001a000 00:14 136610880                  /gpfs/main/course/cs032/bin/jdk1.8.0_25/jre/lib/amd64/libzip.so
7f9a7e22c000-7f9a7e256000 r-xp 00000000 00:14 136610822                  /gpfs/main/course/cs032/bin/jdk1.8.0_25/jre/lib/amd64/libjava.so
7f9a7e256000-7f9a7e456000 ---p 0002a000 00:14 136610822                  /gpfs/main/course/cs032/bin/jdk1.8.0_25/jre/lib/amd64/libjava.so
7f9a7e456000-7f9a7e458000 rw-p 0002a000 00:14 136610822                  /gpfs/main/course/cs032/bin/jdk1.8.0_25/jre/lib/amd64/libjava.so
7f9a7e458000-7f9a7e465000 r-xp 00000000 00:14 136610855                  /gpfs/main/course/cs032/bin/jdk1.8.0_25/jre/lib/amd64/libverify.so
7f9a7e465000-7f9a7e665000 ---p 0000d000 00:14 136610855                  /gpfs/main/course/cs032/bin/jdk1.8.0_25/jre/lib/amd64/libverify.so
7f9a7e665000-7f9a7e667000 rw-p 0000d000 00:14 136610855                  /gpfs/main/course/cs032/bin/jdk1.8.0_25/jre/lib/amd64/libverify.so
7f9a7e667000-7f9a7e66e000 r-xp 00000000 fe:00 2596                       /lib/x86_64-linux-gnu/librt-2.13.so
7f9a7e66e000-7f9a7e86d000 ---p 00007000 fe:00 2596                       /lib/x86_64-linux-gnu/librt-2.13.so
7f9a7e86d000-7f9a7e86e000 r--p 00006000 fe:00 2596                       /lib/x86_64-linux-gnu/librt-2.13.so
7f9a7e86e000-7f9a7e86f000 rw-p 00007000 fe:00 2596                       /lib/x86_64-linux-gnu/librt-2.13.so
7f9a7e86f000-7f9a7e8f0000 r-xp 00000000 fe:00 2399                       /lib/x86_64-linux-gnu/libm-2.13.so
7f9a7e8f0000-7f9a7eaef000 ---p 00081000 fe:00 2399                       /lib/x86_64-linux-gnu/libm-2.13.so
7f9a7eaef000-7f9a7eaf0000 r--p 00080000 fe:00 2399                       /lib/x86_64-linux-gnu/libm-2.13.so
7f9a7eaf0000-7f9a7eaf1000 rw-p 00081000 fe:00 2399                       /lib/x86_64-linux-gnu/libm-2.13.so
7f9a7eaf1000-7f9a7f75e000 r-xp 00000000 00:14 136611394                  /gpfs/main/course/cs032/bin/jdk1.8.0_25/jre/lib/amd64/server/libjvm.so
7f9a7f75e000-7f9a7f95d000 ---p 00c6d000 00:14 136611394                  /gpfs/main/course/cs032/bin/jdk1.8.0_25/jre/lib/amd64/server/libjvm.so
7f9a7f95d000-7f9a7fa33000 rw-p 00c6c000 00:14 136611394                  /gpfs/main/course/cs032/bin/jdk1.8.0_25/jre/lib/amd64/server/libjvm.so
7f9a7fa33000-7f9a7fa76000 rw-p 00000000 00:00 0 
7f9a7fa76000-7f9a7fbf7000 r-xp 00000000 fe:00 2488                       /lib/x86_64-linux-gnu/libc-2.13.so
7f9a7fbf7000-7f9a7fdf7000 ---p 00181000 fe:00 2488                       /lib/x86_64-linux-gnu/libc-2.13.so
7f9a7fdf7000-7f9a7fdfb000 r--p 00181000 fe:00 2488                       /lib/x86_64-linux-gnu/libc-2.13.so
7f9a7fdfb000-7f9a7fdfc000 rw-p 00185000 fe:00 2488                       /lib/x86_64-linux-gnu/libc-2.13.so
7f9a7fdfc000-7f9a7fe01000 rw-p 00000000 00:00 0 
7f9a7fe01000-7f9a7fe03000 r-xp 00000000 fe:00 2560                       /lib/x86_64-linux-gnu/libdl-2.13.so
7f9a7fe03000-7f9a80003000 ---p 00002000 fe:00 2560                       /lib/x86_64-linux-gnu/libdl-2.13.so
7f9a80003000-7f9a80004000 r--p 00002000 fe:00 2560                       /lib/x86_64-linux-gnu/libdl-2.13.so
7f9a80004000-7f9a80005000 rw-p 00003000 fe:00 2560                       /lib/x86_64-linux-gnu/libdl-2.13.so
7f9a80005000-7f9a8001a000 r-xp 00000000 00:14 174988983                  /gpfs/main/course/cs032/bin/jdk1.8.0_25/lib/amd64/jli/libjli.so
7f9a8001a000-7f9a80219000 ---p 00015000 00:14 174988983                  /gpfs/main/course/cs032/bin/jdk1.8.0_25/lib/amd64/jli/libjli.so
7f9a80219000-7f9a8021a000 rw-p 00014000 00:14 174988983                  /gpfs/main/course/cs032/bin/jdk1.8.0_25/lib/amd64/jli/libjli.so
7f9a8021a000-7f9a80231000 r-xp 00000000 fe:00 2601                       /lib/x86_64-linux-gnu/libpthread-2.13.so
7f9a80231000-7f9a80430000 ---p 00017000 fe:00 2601                       /lib/x86_64-linux-gnu/libpthread-2.13.so
7f9a80430000-7f9a80431000 r--p 00016000 fe:00 2601                       /lib/x86_64-linux-gnu/libpthread-2.13.so
7f9a80431000-7f9a80432000 rw-p 00017000 fe:00 2601                       /lib/x86_64-linux-gnu/libpthread-2.13.so
7f9a80432000-7f9a80436000 rw-p 00000000 00:00 0 
7f9a80436000-7f9a80456000 r-xp 00000000 fe:00 2582                       /lib/x86_64-linux-gnu/ld-2.13.so
7f9a80456000-7f9a80458000 r--s 00007000 00:14 50783474                   /gpfs/main/course/cs032/bin/apache-maven-3.2.3/lib/aether-connector-wagon-0.9.0.M2.jar
7f9a80458000-7f9a80459000 r--s 00002000 00:14 50783469                   /gpfs/main/course/cs032/bin/apache-maven-3.2.3/lib/wagon-file-2.6.jar
7f9a80459000-7f9a8045b000 r--s 0000e000 00:14 50783437                   /gpfs/main/course/cs032/bin/apache-maven-3.2.3/lib/maven-aether-provider-3.2.3.jar
7f9a8045b000-7f9a8045d000 r--s 00000000 00:14 50783432                   /gpfs/main/course/cs032/bin/apache-maven-3.2.3/lib/aopalliance-1.0.jar
7f9a8045d000-7f9a80465000 r--s 00050000 00:14 50783431                   /gpfs/main/course/cs032/bin/apache-maven-3.2.3/lib/sisu-guice-3.1.3-no_aop.jar
7f9a80465000-7f9a80466000 r--s 00000000 00:14 50783426                   /gpfs/main/course/cs032/bin/apache-maven-3.2.3/lib/javax.inject-1.jar
7f9a80466000-7f9a80467000 r--s 00001000 00:14 50783425                   /gpfs/main/course/cs032/bin/apache-maven-3.2.3/lib/jsr250-api-1.0.jar
7f9a80467000-7f9a8046a000 r--s 00008000 00:14 50783419                   /gpfs/main/course/cs032/bin/apache-maven-3.2.3/lib/cdi-api-1.0.jar
7f9a8046a000-7f9a80470000 r--s 0002a000 00:14 50783416                   /gpfs/main/course/cs032/bin/apache-maven-3.2.3/lib/org.eclipse.sisu.plexus-0.0.0.M5.jar
7f9a80470000-7f9a80472000 r--s 0000a000 00:14 50783415                   /gpfs/main/course/cs032/bin/apache-maven-3.2.3/lib/maven-plugin-api-3.2.3.jar
7f9a80472000-7f9a80475000 r--s 0000b000 00:14 50783414                   /gpfs/main/course/cs032/bin/apache-maven-3.2.3/lib/maven-artifact-3.2.3.jar
7f9a80475000-7f9a80477000 r--s 00005000 00:14 50783378                   /gpfs/main/course/cs032/bin/apache-maven-3.2.3/lib/maven-repository-metadata-3.2.3.jar
7f9a80477000-7f9a80479000 r--s 00002000 00:14 49955756                   /gpfs/main/course/cs032/bin/apache-maven-3.2.3/lib/plexus-cipher-1.7.jar
7f9a80479000-7f9a8047a000 r--s 00006000 00:14 50783328                   /gpfs/main/course/cs032/bin/apache-maven-3.2.3/lib/plexus-sec-dispatcher-1.3.jar
7f9a8047a000-7f9a8047c000 r--s 00000000 00:14 50783240                   /gpfs/main/course/cs032/bin/apache-maven-3.2.3/lib/plexus-component-annotations-1.5.5.jar
7f9a8047c000-7f9a8047f000 r--s 0000d000 00:14 49127297                   /gpfs/main/course/cs032/bin/apache-maven-3.2.3/lib/plexus-interpolation-1.19.jar
7f9a8047f000-7f9a80481000 r--s 00009000 00:14 50783375                   /gpfs/main/course/cs032/bin/apache-maven-3.2.3/lib/maven-settings-builder-3.2.3.jar
7f9a80481000-7f9a80484000 r--s 00025000 00:14 50783269                   /gpfs/main/course/cs032/bin/apache-maven-3.2.3/lib/maven-model-3.2.3.jar
7f9a80484000-7f9a80490000 r--s 00085000 00:14 49955830                   /gpfs/main/course/cs032/bin/apache-maven-3.2.3/lib/maven-core-3.2.3.jar
7f9a80490000-7f9a80494000 r--s 0003a000 00:14 50783382                   /gpfs/main/course/cs032/bin/apache-maven-3.2.3/lib/plexus-utils-3.0.17.jar
7f9a80494000-7f9a80517000 r--s 00000000 00:0e 7549                       /run/nscd/dbbaqr6Z (deleted)
7f9a80517000-7f9a8051a000 ---p 00000000 00:00 0 
7f9a8051a000-7f9a8061c000 rw-p 00000000 00:00 0 
7f9a8061c000-7f9a8061d000 r--s 00002000 00:14 50783454                   /gpfs/main/course/cs032/bin/apache-maven-3.2.3/lib/wagon-http-shared-2.6.jar
7f9a8061d000-7f9a8061f000 r--s 00009000 00:14 50783265                   /gpfs/main/course/cs032/bin/apache-maven-3.2.3/lib/maven-settings-3.2.3.jar
7f9a8061f000-7f9a80621000 r--s 0000d000 00:14 49955724                   /gpfs/main/course/cs032/bin/apache-maven-3.2.3/lib/maven-embedder-3.2.3.jar
7f9a80621000-7f9a80649000 rw-p 00000000 00:00 0 
7f9a80649000-7f9a80651000 rw-s 00000000 fe:04 622                        /tmp/hsperfdata_ngoelz/24372
7f9a80651000-7f9a80652000 rw-p 00000000 00:00 0 
7f9a80652000-7f9a80653000 r--p 00000000 00:00 0 
7f9a80653000-7f9a80655000 rw-p 00000000 00:00 0 
7f9a80655000-7f9a80656000 r--p 0001f000 fe:00 2582                       /lib/x86_64-linux-gnu/ld-2.13.so
7f9a80656000-7f9a80657000 rw-p 00020000 fe:00 2582                       /lib/x86_64-linux-gnu/ld-2.13.so
7f9a80657000-7f9a80658000 rw-p 00000000 00:00 0 
7ffd3dccc000-7ffd3dced000 rw-p 00000000 00:00 0                          [stack]
7ffd3dd0d000-7ffd3dd0e000 r-xp 00000000 00:00 0                          [vdso]
ffffffffff600000-ffffffffff601000 r-xp 00000000 00:00 0                  [vsyscall]

VM Arguments:
jvm_args: -Dclassworlds.conf=/course/cs032/bin/apache-maven-3.2.3/bin/m2.conf -Dmaven.home=/course/cs032/bin/apache-maven-3.2.3 
java_command: org.codehaus.plexus.classworlds.launcher.Launcher package
java_class_path (initial): /course/cs032/bin/apache-maven-3.2.3/boot/plexus-classworlds-2.5.1.jar
Launcher Type: SUN_STANDARD

Environment Variables:
JAVA_HOME=/gpfs/main/course/cs032/bin/jdk1.8.0_25
PATH=/course/cs032/bin:/local/bin:/usr/local/bin:/bin:/usr/bin:/usr/X11R6/bin:/usr/games:/contrib/bin:/course/cs032/bin:/course/cs157/bin
SHELL=/bin/bash
DISPLAY=:1.0

Signal Handlers:
SIGSEGV: [libjvm.so+0xa79a80], sa_mask[0]=11111111011111111101111111111110, sa_flags=SA_RESTART|SA_SIGINFO
SIGBUS: [libjvm.so+0xa79a80], sa_mask[0]=11111111011111111101111111111110, sa_flags=SA_RESTART|SA_SIGINFO
SIGFPE: [libjvm.so+0x8e24e0], sa_mask[0]=11111111011111111101111111111110, sa_flags=SA_RESTART|SA_SIGINFO
SIGPIPE: [libjvm.so+0x8e24e0], sa_mask[0]=11111111011111111101111111111110, sa_flags=SA_RESTART|SA_SIGINFO
SIGXFSZ: [libjvm.so+0x8e24e0], sa_mask[0]=11111111011111111101111111111110, sa_flags=SA_RESTART|SA_SIGINFO
SIGILL: [libjvm.so+0x8e24e0], sa_mask[0]=11111111011111111101111111111110, sa_flags=SA_RESTART|SA_SIGINFO
SIGUSR1: SIG_DFL, sa_mask[0]=00000000000000000000000000000000, sa_flags=none
SIGUSR2: [libjvm.so+0x8e3d10], sa_mask[0]=00000000000000000000000000000000, sa_flags=SA_RESTART|SA_SIGINFO
SIGHUP: [libjvm.so+0x8e50d0], sa_mask[0]=11111111011111111101111111111110, sa_flags=SA_RESTART|SA_SIGINFO
SIGINT: [libjvm.so+0x8e50d0], sa_mask[0]=11111111011111111101111111111110, sa_flags=SA_RESTART|SA_SIGINFO
SIGTERM: [libjvm.so+0x8e50d0], sa_mask[0]=11111111011111111101111111111110, sa_flags=SA_RESTART|SA_SIGINFO
SIGQUIT: [libjvm.so+0x8e50d0], sa_mask[0]=11111111011111111101111111111110, sa_flags=SA_RESTART|SA_SIGINFO


---------------  S Y S T E M  ---------------

OS:PRETTY_NAME="Debian GNU/Linux 7 (wheezy)"
NAME="Debian GNU/Linux"
VERSION_ID="7"
VERSION="7 (wheezy)"
ID=debian
ANSI_COLOR="1;31"
HOME_URL="http://www.debian.org/"
SUPPORT_URL="http://www.debian.org/support/"
BUG_REPORT_URL="http://bugs.debian.org/"

uname:Linux 3.2.0-4-amd64 #1 SMP Debian 3.2.65-1+deb7u2 x86_64
libc:glibc 2.13 NPTL 2.13 
rlimit: STACK 8192k, CORE 0k, NPROC 63961, NOFILE 4096, AS infinity
load average:0.22 0.23 0.22

/proc/meminfo:
MemTotal:        8199880 kB
MemFree:          967908 kB
Buffers:          343084 kB
Cached:          3846704 kB
SwapCached:            0 kB
Active:          4641776 kB
Inactive:        2091704 kB
Active(anon):    2360864 kB
Inactive(anon):   236272 kB
Active(file):    2280912 kB
Inactive(file):  1855432 kB
Unevictable:          16 kB
Mlocked:              16 kB
SwapTotal:       8388604 kB
SwapFree:        8388604 kB
Dirty:               288 kB
Writeback:             0 kB
AnonPages:       2543744 kB
Mapped:           289864 kB
Shmem:             53444 kB
Slab:             384848 kB
SReclaimable:     340580 kB
SUnreclaim:        44268 kB
KernelStack:        5048 kB
PageTables:        37796 kB
NFS_Unstable:        132 kB
Bounce:                0 kB
WritebackTmp:          0 kB
CommitLimit:    12488544 kB
Committed_AS:    6321384 kB
VmallocTotal:   34359738367 kB
VmallocUsed:      326588 kB
VmallocChunk:   34359403516 kB
HardwareCorrupted:     0 kB
AnonHugePages:         0 kB
HugePages_Total:       0
HugePages_Free:        0
HugePages_Rsvd:        0
HugePages_Surp:        0
Hugepagesize:       2048 kB
DirectMap4k:      190016 kB
DirectMap2M:     8198144 kB


CPU:total 4 (4 cores per cpu, 1 threads per core) family 6 model 15 stepping 11, cmov, cx8, fxsr, mmx, sse, sse2, sse3, ssse3, tsc

/proc/cpuinfo:
processor	: 0
vendor_id	: GenuineIntel
cpu family	: 6
model		: 15
model name	: Intel(R) Core(TM)2 Quad CPU    Q6600  @ 2.40GHz
stepping	: 11
microcode	: 0xb6
cpu MHz		: 2399.807
cache size	: 4096 KB
physical id	: 0
siblings	: 4
core id		: 0
cpu cores	: 4
apicid		: 0
initial apicid	: 0
fpu		: yes
fpu_exception	: yes
cpuid level	: 10
wp		: yes
flags		: fpu vme de pse tsc msr pae mce cx8 apic sep mtrr pge mca cmov pat pse36 clflush dts acpi mmx fxsr sse sse2 ss ht tm pbe syscall nx lm constant_tsc arch_perfmon pebs bts rep_good nopl aperfmperf pni dtes64 monitor ds_cpl vmx est tm2 ssse3 cx16 xtpr pdcm lahf_lm dtherm tpr_shadow vnmi flexpriority
bogomips	: 4799.61
clflush size	: 64
cache_alignment	: 64
address sizes	: 36 bits physical, 48 bits virtual
power management:

processor	: 1
vendor_id	: GenuineIntel
cpu family	: 6
model		: 15
model name	: Intel(R) Core(TM)2 Quad CPU    Q6600  @ 2.40GHz
stepping	: 11
microcode	: 0xb6
cpu MHz		: 2399.807
cache size	: 4096 KB
physical id	: 0
siblings	: 4
core id		: 1
cpu cores	: 4
apicid		: 1
initial apicid	: 1
fpu		: yes
fpu_exception	: yes
cpuid level	: 10
wp		: yes
flags		: fpu vme de pse tsc msr pae mce cx8 apic sep mtrr pge mca cmov pat pse36 clflush dts acpi mmx fxsr sse sse2 ss ht tm pbe syscall nx lm constant_tsc arch_perfmon pebs bts rep_good nopl aperfmperf pni dtes64 monitor ds_cpl vmx est tm2 ssse3 cx16 xtpr pdcm lahf_lm dtherm tpr_shadow vnmi flexpriority
bogomips	: 4800.30
clflush size	: 64
cache_alignment	: 64
address sizes	: 36 bits physical, 48 bits virtual
power management:

processor	: 2
vendor_id	: GenuineIntel
cpu family	: 6
model		: 15
model name	: Intel(R) Core(TM)2 Quad CPU    Q6600  @ 2.40GHz
stepping	: 11
microcode	: 0xb6
cpu MHz		: 2399.807
cache size	: 4096 KB
physical id	: 0
siblings	: 4
core id		: 2
cpu cores	: 4
apicid		: 2
initial apicid	: 2
fpu		: yes
fpu_exception	: yes
cpuid level	: 10
wp		: yes
flags		: fpu vme de pse tsc msr pae mce cx8 apic sep mtrr pge mca cmov pat pse36 clflush dts acpi mmx fxsr sse sse2 ss ht tm pbe syscall nx lm constant_tsc arch_perfmon pebs bts rep_good nopl aperfmperf pni dtes64 monitor ds_cpl vmx est tm2 ssse3 cx16 xtpr pdcm lahf_lm dtherm tpr_shadow vnmi flexpriority
bogomips	: 4800.35
clflush size	: 64
cache_alignment	: 64
address sizes	: 36 bits physical, 48 bits virtual
power management:

processor	: 3
vendor_id	: GenuineIntel
cpu family	: 6
model		: 15
model name	: Intel(R) Core(TM)2 Quad CPU    Q6600  @ 2.40GHz
stepping	: 11
microcode	: 0xb6
cpu MHz		: 2399.807
cache size	: 4096 KB
physical id	: 0
siblings	: 4
core id		: 3
cpu cores	: 4
apicid		: 3
initial apicid	: 3
fpu		: yes
fpu_exception	: yes
cpuid level	: 10
wp		: yes
flags		: fpu vme de pse tsc msr pae mce cx8 apic sep mtrr pge mca cmov pat pse36 clflush dts acpi mmx fxsr sse sse2 ss ht tm pbe syscall nx lm constant_tsc arch_perfmon pebs bts rep_good nopl aperfmperf pni dtes64 monitor ds_cpl vmx est tm2 ssse3 cx16 xtpr pdcm lahf_lm dtherm tpr_shadow vnmi flexpriority
bogomips	: 4800.33
clflush size	: 64
cache_alignment	: 64
address sizes	: 36 bits physical, 48 bits virtual
power management:



Memory: 4k page, physical 8199880k(967908k free), swap 8388604k(8388604k free)

vm_info: Java HotSpot(TM) 64-Bit Server VM (25.25-b02) for linux-amd64 JRE (1.8.0_25-b17), built on Sep 17 2014 17:32:11 by "java_re" with gcc 4.3.0 20080428 (Red Hat 4.3.0-8)

time: Thu Apr 16 15:01:13 2015
elapsed time: 1 seconds (0d 0h 0m 1s)

